mode: set
github.com/jgibbarduk/zed-atmos-extension/lsp-bridge/internal/proxy/proxy.go:39.44,44.16 4 0
github.com/jgibbarduk/zed-atmos-extension/lsp-bridge/internal/proxy/proxy.go:44.16,46.3 1 0
github.com/jgibbarduk/zed-atmos-extension/lsp-bridge/internal/proxy/proxy.go:47.2,48.16 2 0
github.com/jgibbarduk/zed-atmos-extension/lsp-bridge/internal/proxy/proxy.go:48.16,50.3 1 0
github.com/jgibbarduk/zed-atmos-extension/lsp-bridge/internal/proxy/proxy.go:52.2,52.36 1 0
github.com/jgibbarduk/zed-atmos-extension/lsp-bridge/internal/proxy/proxy.go:52.36,56.3 3 0
github.com/jgibbarduk/zed-atmos-extension/lsp-bridge/internal/proxy/proxy.go:58.2,63.8 1 0
github.com/jgibbarduk/zed-atmos-extension/lsp-bridge/internal/proxy/proxy.go:68.22,70.2 1 1
github.com/jgibbarduk/zed-atmos-extension/lsp-bridge/internal/proxy/proxy.go:72.74,76.20 3 1
github.com/jgibbarduk/zed-atmos-extension/lsp-bridge/internal/proxy/proxy.go:76.20,78.3 1 1
github.com/jgibbarduk/zed-atmos-extension/lsp-bridge/internal/proxy/proxy.go:80.2,80.59 1 1
github.com/jgibbarduk/zed-atmos-extension/lsp-bridge/internal/proxy/proxy.go:80.59,82.3 1 0
github.com/jgibbarduk/zed-atmos-extension/lsp-bridge/internal/proxy/proxy.go:84.2,84.33 1 1
github.com/jgibbarduk/zed-atmos-extension/lsp-bridge/internal/proxy/proxy.go:84.33,86.3 1 1
github.com/jgibbarduk/zed-atmos-extension/lsp-bridge/internal/proxy/proxy.go:92.2,93.6 2 1
github.com/jgibbarduk/zed-atmos-extension/lsp-bridge/internal/proxy/proxy.go:93.6,95.17 2 1
github.com/jgibbarduk/zed-atmos-extension/lsp-bridge/internal/proxy/proxy.go:95.17,97.4 1 0
github.com/jgibbarduk/zed-atmos-extension/lsp-bridge/internal/proxy/proxy.go:98.3,98.68 1 1
github.com/jgibbarduk/zed-atmos-extension/lsp-bridge/internal/proxy/proxy.go:98.68,100.12 2 1
github.com/jgibbarduk/zed-atmos-extension/lsp-bridge/internal/proxy/proxy.go:102.3,102.41 1 1
github.com/jgibbarduk/zed-atmos-extension/lsp-bridge/internal/proxy/proxy.go:106.56,109.20 3 1
github.com/jgibbarduk/zed-atmos-extension/lsp-bridge/internal/proxy/proxy.go:109.20,111.3 1 1
github.com/jgibbarduk/zed-atmos-extension/lsp-bridge/internal/proxy/proxy.go:112.2,112.43 1 0
github.com/jgibbarduk/zed-atmos-extension/lsp-bridge/internal/proxy/proxy.go:115.79,119.12 2 1
github.com/jgibbarduk/zed-atmos-extension/lsp-bridge/internal/proxy/proxy.go:119.12,120.16 1 1
github.com/jgibbarduk/zed-atmos-extension/lsp-bridge/internal/proxy/proxy.go:120.16,121.32 1 1
github.com/jgibbarduk/zed-atmos-extension/lsp-bridge/internal/proxy/proxy.go:121.32,123.5 1 0
github.com/jgibbarduk/zed-atmos-extension/lsp-bridge/internal/proxy/proxy.go:125.3,125.46 1 1
github.com/jgibbarduk/zed-atmos-extension/lsp-bridge/internal/proxy/proxy.go:125.46,127.55 2 0
github.com/jgibbarduk/zed-atmos-extension/lsp-bridge/internal/proxy/proxy.go:127.55,129.5 1 0
github.com/jgibbarduk/zed-atmos-extension/lsp-bridge/internal/proxy/proxy.go:133.2,133.6 1 1
github.com/jgibbarduk/zed-atmos-extension/lsp-bridge/internal/proxy/proxy.go:133.6,135.17 2 1
github.com/jgibbarduk/zed-atmos-extension/lsp-bridge/internal/proxy/proxy.go:135.17,136.30 1 1
github.com/jgibbarduk/zed-atmos-extension/lsp-bridge/internal/proxy/proxy.go:136.30,140.5 3 1
github.com/jgibbarduk/zed-atmos-extension/lsp-bridge/internal/proxy/proxy.go:141.4,142.44 2 0
github.com/jgibbarduk/zed-atmos-extension/lsp-bridge/internal/proxy/proxy.go:145.3,148.15 4 1
github.com/jgibbarduk/zed-atmos-extension/lsp-bridge/internal/proxy/proxy.go:148.15,150.4 1 1
github.com/jgibbarduk/zed-atmos-extension/lsp-bridge/internal/proxy/proxy.go:152.3,153.17 2 1
github.com/jgibbarduk/zed-atmos-extension/lsp-bridge/internal/proxy/proxy.go:153.17,155.4 1 0
github.com/jgibbarduk/zed-atmos-extension/lsp-bridge/internal/proxy/proxy.go:157.3,158.14 2 1
github.com/jgibbarduk/zed-atmos-extension/lsp-bridge/internal/proxy/proxy.go:158.14,160.40 2 1
github.com/jgibbarduk/zed-atmos-extension/lsp-bridge/internal/proxy/proxy.go:160.40,162.56 2 0
github.com/jgibbarduk/zed-atmos-extension/lsp-bridge/internal/proxy/proxy.go:162.56,164.6 1 0
github.com/jgibbarduk/zed-atmos-extension/lsp-bridge/internal/proxy/proxy.go:166.9,169.18 3 1
github.com/jgibbarduk/zed-atmos-extension/lsp-bridge/internal/proxy/proxy.go:169.18,172.5 2 0
github.com/jgibbarduk/zed-atmos-extension/lsp-bridge/internal/proxy/proxy.go:173.4,173.43 1 1
github.com/jgibbarduk/zed-atmos-extension/lsp-bridge/internal/proxy/proxy.go:173.43,175.58 2 0
github.com/jgibbarduk/zed-atmos-extension/lsp-bridge/internal/proxy/proxy.go:175.58,177.6 1 0
github.com/jgibbarduk/zed-atmos-extension/lsp-bridge/internal/proxy/proxy.go:181.3,181.22 1 1
github.com/jgibbarduk/zed-atmos-extension/lsp-bridge/internal/proxy/proxy.go:181.22,183.58 2 1
github.com/jgibbarduk/zed-atmos-extension/lsp-bridge/internal/proxy/proxy.go:183.58,185.5 1 0
github.com/jgibbarduk/zed-atmos-extension/lsp-bridge/internal/proxy/proxy.go:190.69,194.2 3 1
github.com/jgibbarduk/zed-atmos-extension/lsp-bridge/internal/proxy/proxy.go:196.31,197.20 1 1
github.com/jgibbarduk/zed-atmos-extension/lsp-bridge/internal/proxy/proxy.go:197.20,199.3 1 1
github.com/jgibbarduk/zed-atmos-extension/lsp-bridge/internal/proxy/proxy.go:200.2,200.21 1 1
github.com/jgibbarduk/zed-atmos-extension/lsp-bridge/internal/proxy/proxy.go:200.21,202.3 1 1
github.com/jgibbarduk/zed-atmos-extension/lsp-bridge/internal/proxy/proxy.go:203.2,203.42 1 1
github.com/jgibbarduk/zed-atmos-extension/lsp-bridge/internal/proxy/proxy.go:203.42,205.13 2 1
github.com/jgibbarduk/zed-atmos-extension/lsp-bridge/internal/proxy/proxy.go:205.13,205.37 1 1
github.com/jgibbarduk/zed-atmos-extension/lsp-bridge/internal/proxy/proxy.go:206.3,206.10 1 1
github.com/jgibbarduk/zed-atmos-extension/lsp-bridge/internal/proxy/proxy.go:207.15,207.15 0 1
github.com/jgibbarduk/zed-atmos-extension/lsp-bridge/internal/proxy/proxy.go:208.38,209.28 1 0
github.com/jgibbarduk/zed-atmos-extension/lsp-bridge/internal/proxy/proxy.go:212.2,212.12 1 1
github.com/jgibbarduk/zed-atmos-extension/lsp-bridge/internal/lsp/response.go:8.74,12.54 2 1
github.com/jgibbarduk/zed-atmos-extension/lsp-bridge/internal/lsp/response.go:12.54,23.3 2 1
github.com/jgibbarduk/zed-atmos-extension/lsp-bridge/internal/lsp/response.go:25.2,34.10 3 1
github.com/jgibbarduk/zed-atmos-extension/lsp-bridge/internal/lsp/transport.go:16.53,18.6 2 1
github.com/jgibbarduk/zed-atmos-extension/lsp-bridge/internal/lsp/transport.go:18.6,20.17 2 1
github.com/jgibbarduk/zed-atmos-extension/lsp-bridge/internal/lsp/transport.go:20.17,22.4 1 1
github.com/jgibbarduk/zed-atmos-extension/lsp-bridge/internal/lsp/transport.go:23.3,24.17 2 1
github.com/jgibbarduk/zed-atmos-extension/lsp-bridge/internal/lsp/transport.go:24.17,25.9 1 1
github.com/jgibbarduk/zed-atmos-extension/lsp-bridge/internal/lsp/transport.go:27.3,27.50 1 1
github.com/jgibbarduk/zed-atmos-extension/lsp-bridge/internal/lsp/transport.go:27.50,29.18 2 1
github.com/jgibbarduk/zed-atmos-extension/lsp-bridge/internal/lsp/transport.go:29.18,31.5 1 0
github.com/jgibbarduk/zed-atmos-extension/lsp-bridge/internal/lsp/transport.go:34.2,34.17 1 1
github.com/jgibbarduk/zed-atmos-extension/lsp-bridge/internal/lsp/transport.go:34.17,36.3 1 1
github.com/jgibbarduk/zed-atmos-extension/lsp-bridge/internal/lsp/transport.go:37.2,38.51 2 1
github.com/jgibbarduk/zed-atmos-extension/lsp-bridge/internal/lsp/transport.go:38.51,40.3 1 1
github.com/jgibbarduk/zed-atmos-extension/lsp-bridge/internal/lsp/transport.go:41.2,41.40 1 1
github.com/jgibbarduk/zed-atmos-extension/lsp-bridge/internal/lsp/transport.go:44.54,46.51 2 1
github.com/jgibbarduk/zed-atmos-extension/lsp-bridge/internal/lsp/transport.go:46.51,48.3 1 1
github.com/jgibbarduk/zed-atmos-extension/lsp-bridge/internal/lsp/transport.go:49.2,49.44 1 1
github.com/jgibbarduk/zed-atmos-extension/lsp-bridge/internal/lsp/transport.go:49.44,51.3 1 0
github.com/jgibbarduk/zed-atmos-extension/lsp-bridge/internal/lsp/transport.go:52.2,52.12 1 1
github.com/jgibbarduk/zed-atmos-extension/lsp-bridge/internal/lsp/transport.go:55.42,59.54 2 1
github.com/jgibbarduk/zed-atmos-extension/lsp-bridge/internal/lsp/transport.go:59.54,61.3 1 1
github.com/jgibbarduk/zed-atmos-extension/lsp-bridge/internal/lsp/transport.go:62.2,62.22 1 1
github.com/jgibbarduk/zed-atmos-extension/lsp-bridge/internal/lsp/transport.go:65.41,69.54 2 1
github.com/jgibbarduk/zed-atmos-extension/lsp-bridge/internal/lsp/transport.go:69.54,71.3 1 1
github.com/jgibbarduk/zed-atmos-extension/lsp-bridge/internal/lsp/transport.go:72.2,72.19 1 1
github.com/jgibbarduk/zed-atmos-extension/lsp-bridge/internal/lsp/transport.go:78.37,83.54 2 1
github.com/jgibbarduk/zed-atmos-extension/lsp-bridge/internal/lsp/transport.go:83.54,85.3 1 1
github.com/jgibbarduk/zed-atmos-extension/lsp-bridge/internal/lsp/transport.go:86.2,86.42 1 1
github.com/jgibbarduk/zed-atmos-extension/lsp-bridge/main.go:14.13,19.24 4 0
github.com/jgibbarduk/zed-atmos-extension/lsp-bridge/main.go:19.24,21.3 1 0
github.com/jgibbarduk/zed-atmos-extension/lsp-bridge/main.go:21.8,23.3 1 0
github.com/jgibbarduk/zed-atmos-extension/lsp-bridge/main.go:25.2,28.16 3 0
github.com/jgibbarduk/zed-atmos-extension/lsp-bridge/main.go:28.16,30.3 1 0
github.com/jgibbarduk/zed-atmos-extension/lsp-bridge/main.go:31.2,34.16 3 0
github.com/jgibbarduk/zed-atmos-extension/lsp-bridge/main.go:34.16,37.3 2 0
github.com/jgibbarduk/zed-atmos-extension/lsp-bridge/main.go:38.2,42.54 3 0
github.com/jgibbarduk/zed-atmos-extension/lsp-bridge/main.go:42.54,44.3 1 0
github.com/jgibbarduk/zed-atmos-extension/lsp-bridge/internal/index/index.go:120.43,128.2 1 1
github.com/jgibbarduk/zed-atmos-extension/lsp-bridge/internal/index/index.go:130.56,131.24 1 0
github.com/jgibbarduk/zed-atmos-extension/lsp-bridge/internal/index/index.go:131.24,133.3 1 0
github.com/jgibbarduk/zed-atmos-extension/lsp-bridge/internal/index/index.go:134.2,135.16 2 0
github.com/jgibbarduk/zed-atmos-extension/lsp-bridge/internal/index/index.go:135.16,137.3 1 0
github.com/jgibbarduk/zed-atmos-extension/lsp-bridge/internal/index/index.go:138.2,142.12 4 0
github.com/jgibbarduk/zed-atmos-extension/lsp-bridge/internal/index/index.go:142.12,146.7 3 0
github.com/jgibbarduk/zed-atmos-extension/lsp-bridge/internal/index/index.go:146.7,147.11 1 0
github.com/jgibbarduk/zed-atmos-extension/lsp-bridge/internal/index/index.go:148.33,149.12 1 0
github.com/jgibbarduk/zed-atmos-extension/lsp-bridge/internal/index/index.go:149.12,151.6 1 0
github.com/jgibbarduk/zed-atmos-extension/lsp-bridge/internal/index/index.go:152.5,152.88 1 0
github.com/jgibbarduk/zed-atmos-extension/lsp-bridge/internal/index/index.go:152.88,153.56 1 0
github.com/jgibbarduk/zed-atmos-extension/lsp-bridge/internal/index/index.go:153.56,155.7 1 0
github.com/jgibbarduk/zed-atmos-extension/lsp-bridge/internal/index/index.go:155.12,155.64 1 0
github.com/jgibbarduk/zed-atmos-extension/lsp-bridge/internal/index/index.go:155.64,157.7 1 0
github.com/jgibbarduk/zed-atmos-extension/lsp-bridge/internal/index/index.go:158.6,158.26 1 0
github.com/jgibbarduk/zed-atmos-extension/lsp-bridge/internal/index/index.go:158.26,159.14 1 0
github.com/jgibbarduk/zed-atmos-extension/lsp-bridge/internal/index/index.go:160.25,160.25 0 0
github.com/jgibbarduk/zed-atmos-extension/lsp-bridge/internal/index/index.go:161.15,161.15 0 0
github.com/jgibbarduk/zed-atmos-extension/lsp-bridge/internal/index/index.go:164.6,164.37 1 0
github.com/jgibbarduk/zed-atmos-extension/lsp-bridge/internal/index/index.go:165.11,165.45 1 0
github.com/jgibbarduk/zed-atmos-extension/lsp-bridge/internal/index/index.go:165.45,168.66 1 0
github.com/jgibbarduk/zed-atmos-extension/lsp-bridge/internal/index/index.go:168.66,169.47 1 0
github.com/jgibbarduk/zed-atmos-extension/lsp-bridge/internal/index/index.go:169.47,171.8 1 0
github.com/jgibbarduk/zed-atmos-extension/lsp-bridge/internal/index/index.go:174.22,175.18 1 0
github.com/jgibbarduk/zed-atmos-extension/lsp-bridge/internal/index/index.go:175.18,177.6 1 0
github.com/jgibbarduk/zed-atmos-extension/lsp-bridge/internal/index/index.go:178.31,179.12 1 0
github.com/jgibbarduk/zed-atmos-extension/lsp-bridge/internal/index/index.go:179.12,181.6 1 0
github.com/jgibbarduk/zed-atmos-extension/lsp-bridge/internal/index/index.go:182.5,182.12 1 0
github.com/jgibbarduk/zed-atmos-extension/lsp-bridge/internal/index/index.go:187.2,187.89 1 0
github.com/jgibbarduk/zed-atmos-extension/lsp-bridge/internal/index/index.go:187.89,188.17 1 0
github.com/jgibbarduk/zed-atmos-extension/lsp-bridge/internal/index/index.go:188.17,191.4 2 0
github.com/jgibbarduk/zed-atmos-extension/lsp-bridge/internal/index/index.go:192.3,192.16 1 0
github.com/jgibbarduk/zed-atmos-extension/lsp-bridge/internal/index/index.go:192.16,195.65 1 0
github.com/jgibbarduk/zed-atmos-extension/lsp-bridge/internal/index/index.go:195.65,197.5 1 0
github.com/jgibbarduk/zed-atmos-extension/lsp-bridge/internal/index/index.go:198.4,198.22 1 0
github.com/jgibbarduk/zed-atmos-extension/lsp-bridge/internal/index/index.go:200.3,200.13 1 0
github.com/jgibbarduk/zed-atmos-extension/lsp-bridge/internal/index/index.go:202.2,202.16 1 0
github.com/jgibbarduk/zed-atmos-extension/lsp-bridge/internal/index/index.go:202.16,204.3 1 0
github.com/jgibbarduk/zed-atmos-extension/lsp-bridge/internal/index/index.go:205.2,205.12 1 0
github.com/jgibbarduk/zed-atmos-extension/lsp-bridge/internal/index/index.go:208.29,209.24 1 0
github.com/jgibbarduk/zed-atmos-extension/lsp-bridge/internal/index/index.go:209.24,211.3 1 0
github.com/jgibbarduk/zed-atmos-extension/lsp-bridge/internal/index/index.go:214.2,219.90 5 0
github.com/jgibbarduk/zed-atmos-extension/lsp-bridge/internal/index/index.go:219.90,220.17 1 0
github.com/jgibbarduk/zed-atmos-extension/lsp-bridge/internal/index/index.go:220.17,223.4 2 0
github.com/jgibbarduk/zed-atmos-extension/lsp-bridge/internal/index/index.go:224.3,224.16 1 0
github.com/jgibbarduk/zed-atmos-extension/lsp-bridge/internal/index/index.go:224.16,226.4 1 0
github.com/jgibbarduk/zed-atmos-extension/lsp-bridge/internal/index/index.go:227.3,227.76 1 0
github.com/jgibbarduk/zed-atmos-extension/lsp-bridge/internal/index/index.go:227.76,229.4 1 0
github.com/jgibbarduk/zed-atmos-extension/lsp-bridge/internal/index/index.go:231.3,232.22 2 0
github.com/jgibbarduk/zed-atmos-extension/lsp-bridge/internal/index/index.go:232.22,234.4 1 0
github.com/jgibbarduk/zed-atmos-extension/lsp-bridge/internal/index/index.go:235.3,235.16 1 0
github.com/jgibbarduk/zed-atmos-extension/lsp-bridge/internal/index/index.go:235.16,237.4 1 0
github.com/jgibbarduk/zed-atmos-extension/lsp-bridge/internal/index/index.go:238.3,239.34 2 0
github.com/jgibbarduk/zed-atmos-extension/lsp-bridge/internal/index/index.go:239.34,241.4 1 0
github.com/jgibbarduk/zed-atmos-extension/lsp-bridge/internal/index/index.go:242.3,242.33 1 0
github.com/jgibbarduk/zed-atmos-extension/lsp-bridge/internal/index/index.go:242.33,244.4 1 0
github.com/jgibbarduk/zed-atmos-extension/lsp-bridge/internal/index/index.go:245.3,245.36 1 0
github.com/jgibbarduk/zed-atmos-extension/lsp-bridge/internal/index/index.go:245.36,246.28 1 0
github.com/jgibbarduk/zed-atmos-extension/lsp-bridge/internal/index/index.go:246.28,248.5 1 0
github.com/jgibbarduk/zed-atmos-extension/lsp-bridge/internal/index/index.go:249.4,249.27 1 0
github.com/jgibbarduk/zed-atmos-extension/lsp-bridge/internal/index/index.go:249.27,251.5 1 0
github.com/jgibbarduk/zed-atmos-extension/lsp-bridge/internal/index/index.go:253.3,253.13 1 0
github.com/jgibbarduk/zed-atmos-extension/lsp-bridge/internal/index/index.go:255.2,255.16 1 0
github.com/jgibbarduk/zed-atmos-extension/lsp-bridge/internal/index/index.go:255.16,257.3 1 0
github.com/jgibbarduk/zed-atmos-extension/lsp-bridge/internal/index/index.go:259.2,264.27 6 0
github.com/jgibbarduk/zed-atmos-extension/lsp-bridge/internal/index/index.go:267.50,268.15 1 1
github.com/jgibbarduk/zed-atmos-extension/lsp-bridge/internal/index/index.go:268.15,270.3 1 1
github.com/jgibbarduk/zed-atmos-extension/lsp-bridge/internal/index/index.go:271.2,275.25 2 1
github.com/jgibbarduk/zed-atmos-extension/lsp-bridge/internal/index/index.go:275.25,277.34 2 1
github.com/jgibbarduk/zed-atmos-extension/lsp-bridge/internal/index/index.go:277.34,284.4 1 1
github.com/jgibbarduk/zed-atmos-extension/lsp-bridge/internal/index/index.go:286.2,286.23 1 1
github.com/jgibbarduk/zed-atmos-extension/lsp-bridge/internal/index/index.go:286.23,289.3 2 1
github.com/jgibbarduk/zed-atmos-extension/lsp-bridge/internal/index/index.go:290.2,290.26 1 1
github.com/jgibbarduk/zed-atmos-extension/lsp-bridge/internal/index/index.go:290.26,293.3 2 1
github.com/jgibbarduk/zed-atmos-extension/lsp-bridge/internal/index/index.go:294.2,294.22 1 1
github.com/jgibbarduk/zed-atmos-extension/lsp-bridge/internal/index/index.go:294.22,297.3 2 0
github.com/jgibbarduk/zed-atmos-extension/lsp-bridge/internal/index/index.go:298.2,298.22 1 1
github.com/jgibbarduk/zed-atmos-extension/lsp-bridge/internal/index/index.go:298.22,301.3 2 0
github.com/jgibbarduk/zed-atmos-extension/lsp-bridge/internal/index/index.go:302.2,302.32 1 1
github.com/jgibbarduk/zed-atmos-extension/lsp-bridge/internal/index/index.go:302.32,305.3 2 0
github.com/jgibbarduk/zed-atmos-extension/lsp-bridge/internal/index/index.go:306.2,306.30 1 1
github.com/jgibbarduk/zed-atmos-extension/lsp-bridge/internal/index/index.go:306.30,309.3 2 0
github.com/jgibbarduk/zed-atmos-extension/lsp-bridge/internal/index/index.go:310.2,310.30 1 1
github.com/jgibbarduk/zed-atmos-extension/lsp-bridge/internal/index/index.go:310.30,313.3 2 0
github.com/jgibbarduk/zed-atmos-extension/lsp-bridge/internal/index/index.go:314.2,314.31 1 1
github.com/jgibbarduk/zed-atmos-extension/lsp-bridge/internal/index/index.go:314.31,317.3 2 0
github.com/jgibbarduk/zed-atmos-extension/lsp-bridge/internal/index/index.go:318.2,318.30 1 1
github.com/jgibbarduk/zed-atmos-extension/lsp-bridge/internal/index/index.go:318.30,321.3 2 0
github.com/jgibbarduk/zed-atmos-extension/lsp-bridge/internal/index/index.go:322.2,322.31 1 1
github.com/jgibbarduk/zed-atmos-extension/lsp-bridge/internal/index/index.go:322.31,325.3 2 0
github.com/jgibbarduk/zed-atmos-extension/lsp-bridge/internal/index/index.go:326.2,326.26 1 1
github.com/jgibbarduk/zed-atmos-extension/lsp-bridge/internal/index/index.go:326.26,329.3 2 0
github.com/jgibbarduk/zed-atmos-extension/lsp-bridge/internal/index/index.go:330.2,330.12 1 1
github.com/jgibbarduk/zed-atmos-extension/lsp-bridge/internal/index/index.go:335.51,339.2 3 1
github.com/jgibbarduk/zed-atmos-extension/lsp-bridge/internal/index/index.go:343.57,347.2 3 1
github.com/jgibbarduk/zed-atmos-extension/lsp-bridge/internal/index/index.go:349.58,355.26 5 1
github.com/jgibbarduk/zed-atmos-extension/lsp-bridge/internal/index/index.go:355.26,356.32 1 1
github.com/jgibbarduk/zed-atmos-extension/lsp-bridge/internal/index/index.go:356.32,358.4 1 1
github.com/jgibbarduk/zed-atmos-extension/lsp-bridge/internal/index/index.go:360.2,360.16 1 1
github.com/jgibbarduk/zed-atmos-extension/lsp-bridge/internal/index/index.go:363.74,379.31 7 1
github.com/jgibbarduk/zed-atmos-extension/lsp-bridge/internal/index/index.go:379.31,380.32 1 1
github.com/jgibbarduk/zed-atmos-extension/lsp-bridge/internal/index/index.go:380.32,382.4 1 1
github.com/jgibbarduk/zed-atmos-extension/lsp-bridge/internal/index/index.go:384.2,384.17 1 1
github.com/jgibbarduk/zed-atmos-extension/lsp-bridge/internal/index/index.go:387.58,394.2 6 1
github.com/jgibbarduk/zed-atmos-extension/lsp-bridge/internal/index/index.go:396.56,403.2 6 1
github.com/jgibbarduk/zed-atmos-extension/lsp-bridge/internal/index/index.go:405.65,406.26 1 1
github.com/jgibbarduk/zed-atmos-extension/lsp-bridge/internal/index/index.go:406.26,407.18 1 1
github.com/jgibbarduk/zed-atmos-extension/lsp-bridge/internal/index/index.go:407.18,409.4 1 1
github.com/jgibbarduk/zed-atmos-extension/lsp-bridge/internal/index/index.go:411.2,411.21 1 0
github.com/jgibbarduk/zed-atmos-extension/lsp-bridge/internal/index/index.go:416.66,417.16 1 1
github.com/jgibbarduk/zed-atmos-extension/lsp-bridge/internal/index/index.go:417.16,419.3 1 0
github.com/jgibbarduk/zed-atmos-extension/lsp-bridge/internal/index/index.go:420.2,420.32 1 1
github.com/jgibbarduk/zed-atmos-extension/lsp-bridge/internal/index/index.go:420.32,421.67 1 1
github.com/jgibbarduk/zed-atmos-extension/lsp-bridge/internal/index/index.go:421.67,422.25 1 1
github.com/jgibbarduk/zed-atmos-extension/lsp-bridge/internal/index/index.go:422.25,424.5 1 1
github.com/jgibbarduk/zed-atmos-extension/lsp-bridge/internal/index/index.go:424.10,426.5 1 0
github.com/jgibbarduk/zed-atmos-extension/lsp-bridge/internal/index/index.go:429.2,429.30 1 1
github.com/jgibbarduk/zed-atmos-extension/lsp-bridge/internal/index/index.go:429.30,430.67 1 1
github.com/jgibbarduk/zed-atmos-extension/lsp-bridge/internal/index/index.go:430.67,431.25 1 1
github.com/jgibbarduk/zed-atmos-extension/lsp-bridge/internal/index/index.go:431.25,433.5 1 1
github.com/jgibbarduk/zed-atmos-extension/lsp-bridge/internal/index/index.go:433.10,435.5 1 0
github.com/jgibbarduk/zed-atmos-extension/lsp-bridge/internal/index/index.go:438.2,438.33 1 1
github.com/jgibbarduk/zed-atmos-extension/lsp-bridge/internal/index/index.go:438.33,439.24 1 1
github.com/jgibbarduk/zed-atmos-extension/lsp-bridge/internal/index/index.go:439.24,440.73 1 1
github.com/jgibbarduk/zed-atmos-extension/lsp-bridge/internal/index/index.go:440.73,441.26 1 1
github.com/jgibbarduk/zed-atmos-extension/lsp-bridge/internal/index/index.go:441.26,443.6 1 1
github.com/jgibbarduk/zed-atmos-extension/lsp-bridge/internal/index/index.go:443.11,445.6 1 0
github.com/jgibbarduk/zed-atmos-extension/lsp-bridge/internal/index/index.go:448.3,448.23 1 1
github.com/jgibbarduk/zed-atmos-extension/lsp-bridge/internal/index/index.go:448.23,449.70 1 1
github.com/jgibbarduk/zed-atmos-extension/lsp-bridge/internal/index/index.go:449.70,450.26 1 1
github.com/jgibbarduk/zed-atmos-extension/lsp-bridge/internal/index/index.go:450.26,452.6 1 1
github.com/jgibbarduk/zed-atmos-extension/lsp-bridge/internal/index/index.go:452.11,454.6 1 0
github.com/jgibbarduk/zed-atmos-extension/lsp-bridge/internal/index/index.go:460.44,467.16 5 1
github.com/jgibbarduk/zed-atmos-extension/lsp-bridge/internal/index/index.go:467.16,469.3 1 0
github.com/jgibbarduk/zed-atmos-extension/lsp-bridge/internal/index/index.go:470.2,470.15 1 1
github.com/jgibbarduk/zed-atmos-extension/lsp-bridge/internal/index/index.go:470.15,472.3 1 0
github.com/jgibbarduk/zed-atmos-extension/lsp-bridge/internal/index/index.go:474.2,474.13 1 1
github.com/jgibbarduk/zed-atmos-extension/lsp-bridge/internal/index/index.go:474.13,476.3 1 1
github.com/jgibbarduk/zed-atmos-extension/lsp-bridge/internal/index/index.go:478.2,479.33 2 1
github.com/jgibbarduk/zed-atmos-extension/lsp-bridge/internal/index/index.go:479.33,481.3 1 1
github.com/jgibbarduk/zed-atmos-extension/lsp-bridge/internal/index/index.go:482.2,482.32 1 1
github.com/jgibbarduk/zed-atmos-extension/lsp-bridge/internal/index/index.go:482.32,484.3 1 1
github.com/jgibbarduk/zed-atmos-extension/lsp-bridge/internal/index/index.go:485.2,485.35 1 1
github.com/jgibbarduk/zed-atmos-extension/lsp-bridge/internal/index/index.go:485.35,486.27 1 0
github.com/jgibbarduk/zed-atmos-extension/lsp-bridge/internal/index/index.go:486.27,488.4 1 0
github.com/jgibbarduk/zed-atmos-extension/lsp-bridge/internal/index/index.go:489.3,489.26 1 0
github.com/jgibbarduk/zed-atmos-extension/lsp-bridge/internal/index/index.go:489.26,491.4 1 0
github.com/jgibbarduk/zed-atmos-extension/lsp-bridge/internal/index/index.go:495.43,500.32 4 1
github.com/jgibbarduk/zed-atmos-extension/lsp-bridge/internal/index/index.go:500.32,503.3 2 0
github.com/jgibbarduk/zed-atmos-extension/lsp-bridge/internal/index/index.go:505.2,506.25 2 1
github.com/jgibbarduk/zed-atmos-extension/lsp-bridge/internal/index/index.go:509.58,513.15 3 1
github.com/jgibbarduk/zed-atmos-extension/lsp-bridge/internal/index/index.go:513.15,515.3 1 1
github.com/jgibbarduk/zed-atmos-extension/lsp-bridge/internal/index/index.go:517.2,518.13 2 1
github.com/jgibbarduk/zed-atmos-extension/lsp-bridge/internal/index/index.go:518.13,520.3 1 1
github.com/jgibbarduk/zed-atmos-extension/lsp-bridge/internal/index/index.go:522.2,523.33 2 1
github.com/jgibbarduk/zed-atmos-extension/lsp-bridge/internal/index/index.go:523.33,525.3 1 1
github.com/jgibbarduk/zed-atmos-extension/lsp-bridge/internal/index/index.go:526.2,526.32 1 1
github.com/jgibbarduk/zed-atmos-extension/lsp-bridge/internal/index/index.go:526.32,528.3 1 1
github.com/jgibbarduk/zed-atmos-extension/lsp-bridge/internal/index/index.go:529.2,529.35 1 1
github.com/jgibbarduk/zed-atmos-extension/lsp-bridge/internal/index/index.go:529.35,530.27 1 1
github.com/jgibbarduk/zed-atmos-extension/lsp-bridge/internal/index/index.go:530.27,532.4 1 1
github.com/jgibbarduk/zed-atmos-extension/lsp-bridge/internal/index/index.go:533.3,533.26 1 1
github.com/jgibbarduk/zed-atmos-extension/lsp-bridge/internal/index/index.go:533.26,535.4 1 1
github.com/jgibbarduk/zed-atmos-extension/lsp-bridge/internal/index/index.go:539.44,543.2 3 1
github.com/jgibbarduk/zed-atmos-extension/lsp-bridge/internal/index/index.go:545.37,549.2 3 1
github.com/jgibbarduk/zed-atmos-extension/lsp-bridge/internal/index/index.go:551.43,555.30 4 1
github.com/jgibbarduk/zed-atmos-extension/lsp-bridge/internal/index/index.go:555.30,557.3 1 1
github.com/jgibbarduk/zed-atmos-extension/lsp-bridge/internal/index/index.go:558.2,558.15 1 1
github.com/jgibbarduk/zed-atmos-extension/lsp-bridge/internal/index/index.go:561.27,562.24 1 1
github.com/jgibbarduk/zed-atmos-extension/lsp-bridge/internal/index/index.go:562.24,565.3 2 0
github.com/jgibbarduk/zed-atmos-extension/lsp-bridge/internal/index/parser.go:13.29,15.22 2 1
github.com/jgibbarduk/zed-atmos-extension/lsp-bridge/internal/index/parser.go:15.22,16.18 1 1
github.com/jgibbarduk/zed-atmos-extension/lsp-bridge/internal/index/parser.go:16.18,18.4 1 1
github.com/jgibbarduk/zed-atmos-extension/lsp-bridge/internal/index/parser.go:18.9,20.4 1 0
github.com/jgibbarduk/zed-atmos-extension/lsp-bridge/internal/index/parser.go:22.2,22.14 1 1
github.com/jgibbarduk/zed-atmos-extension/lsp-bridge/internal/index/parser.go:25.53,27.16 2 1
github.com/jgibbarduk/zed-atmos-extension/lsp-bridge/internal/index/parser.go:27.16,29.3 1 0
github.com/jgibbarduk/zed-atmos-extension/lsp-bridge/internal/index/parser.go:30.2,30.45 1 1
github.com/jgibbarduk/zed-atmos-extension/lsp-bridge/internal/index/parser.go:33.63,37.54 3 1
github.com/jgibbarduk/zed-atmos-extension/lsp-bridge/internal/index/parser.go:37.54,40.3 2 1
github.com/jgibbarduk/zed-atmos-extension/lsp-bridge/internal/index/parser.go:42.2,42.27 1 1
github.com/jgibbarduk/zed-atmos-extension/lsp-bridge/internal/index/parser.go:42.27,44.3 1 1
github.com/jgibbarduk/zed-atmos-extension/lsp-bridge/internal/index/parser.go:46.2,47.35 2 1
github.com/jgibbarduk/zed-atmos-extension/lsp-bridge/internal/index/parser.go:47.35,49.3 1 1
github.com/jgibbarduk/zed-atmos-extension/lsp-bridge/internal/index/parser.go:51.2,51.46 1 1
github.com/jgibbarduk/zed-atmos-extension/lsp-bridge/internal/index/parser.go:51.46,57.39 4 1
github.com/jgibbarduk/zed-atmos-extension/lsp-bridge/internal/index/parser.go:57.39,59.4 1 1
github.com/jgibbarduk/zed-atmos-extension/lsp-bridge/internal/index/parser.go:61.3,61.37 1 1
github.com/jgibbarduk/zed-atmos-extension/lsp-bridge/internal/index/parser.go:61.37,63.4 1 1
github.com/jgibbarduk/zed-atmos-extension/lsp-bridge/internal/index/parser.go:65.3,65.74 1 1
github.com/jgibbarduk/zed-atmos-extension/lsp-bridge/internal/index/parser.go:65.74,68.4 2 1
github.com/jgibbarduk/zed-atmos-extension/lsp-bridge/internal/index/parser.go:70.3,70.73 1 1
github.com/jgibbarduk/zed-atmos-extension/lsp-bridge/internal/index/parser.go:70.73,72.4 1 1
github.com/jgibbarduk/zed-atmos-extension/lsp-bridge/internal/index/parser.go:74.3,74.74 1 1
github.com/jgibbarduk/zed-atmos-extension/lsp-bridge/internal/index/parser.go:74.74,76.4 1 1
github.com/jgibbarduk/zed-atmos-extension/lsp-bridge/internal/index/parser.go:78.3,78.75 1 1
github.com/jgibbarduk/zed-atmos-extension/lsp-bridge/internal/index/parser.go:78.75,80.4 1 1
github.com/jgibbarduk/zed-atmos-extension/lsp-bridge/internal/index/parser.go:83.2,86.11 3 1
github.com/jgibbarduk/zed-atmos-extension/lsp-bridge/internal/index/parser.go:89.36,90.14 1 1
github.com/jgibbarduk/zed-atmos-extension/lsp-bridge/internal/index/parser.go:90.14,92.3 1 1
github.com/jgibbarduk/zed-atmos-extension/lsp-bridge/internal/index/parser.go:93.2,93.34 1 1
github.com/jgibbarduk/zed-atmos-extension/lsp-bridge/internal/index/parser.go:93.34,95.3 1 1
github.com/jgibbarduk/zed-atmos-extension/lsp-bridge/internal/index/parser.go:100.2,101.76 2 1
github.com/jgibbarduk/zed-atmos-extension/lsp-bridge/internal/index/parser.go:101.76,103.3 1 1
github.com/jgibbarduk/zed-atmos-extension/lsp-bridge/internal/index/parser.go:104.2,109.3 1 1
github.com/jgibbarduk/zed-atmos-extension/lsp-bridge/internal/index/parser.go:112.51,115.36 2 1
github.com/jgibbarduk/zed-atmos-extension/lsp-bridge/internal/index/parser.go:115.36,116.37 1 1
github.com/jgibbarduk/zed-atmos-extension/lsp-bridge/internal/index/parser.go:116.37,117.21 1 1
github.com/jgibbarduk/zed-atmos-extension/lsp-bridge/internal/index/parser.go:118.25,122.7 1 1
github.com/jgibbarduk/zed-atmos-extension/lsp-bridge/internal/index/parser.go:123.26,126.49 2 1
github.com/jgibbarduk/zed-atmos-extension/lsp-bridge/internal/index/parser.go:126.49,129.68 3 1
github.com/jgibbarduk/zed-atmos-extension/lsp-bridge/internal/index/parser.go:129.68,132.7 2 1
github.com/jgibbarduk/zed-atmos-extension/lsp-bridge/internal/index/parser.go:134.5,134.22 1 1
github.com/jgibbarduk/zed-atmos-extension/lsp-bridge/internal/index/parser.go:134.22,140.6 1 1
github.com/jgibbarduk/zed-atmos-extension/lsp-bridge/internal/index/parser.go:145.2,145.16 1 1
github.com/jgibbarduk/zed-atmos-extension/lsp-bridge/internal/index/parser.go:148.56,149.46 1 1
github.com/jgibbarduk/zed-atmos-extension/lsp-bridge/internal/index/parser.go:149.46,153.65 3 1
github.com/jgibbarduk/zed-atmos-extension/lsp-bridge/internal/index/parser.go:153.65,154.12 1 0
github.com/jgibbarduk/zed-atmos-extension/lsp-bridge/internal/index/parser.go:157.3,158.56 2 1
github.com/jgibbarduk/zed-atmos-extension/lsp-bridge/internal/index/parser.go:158.56,159.12 1 0
github.com/jgibbarduk/zed-atmos-extension/lsp-bridge/internal/index/parser.go:162.3,162.54 1 1
github.com/jgibbarduk/zed-atmos-extension/lsp-bridge/internal/index/parser.go:162.54,167.101 3 1
github.com/jgibbarduk/zed-atmos-extension/lsp-bridge/internal/index/parser.go:167.101,168.13 1 1
github.com/jgibbarduk/zed-atmos-extension/lsp-bridge/internal/index/parser.go:171.4,176.60 2 1
github.com/jgibbarduk/zed-atmos-extension/lsp-bridge/internal/index/parser.go:176.60,178.59 2 1
github.com/jgibbarduk/zed-atmos-extension/lsp-bridge/internal/index/parser.go:178.59,183.53 5 1
github.com/jgibbarduk/zed-atmos-extension/lsp-bridge/internal/index/parser.go:183.53,186.32 3 1
github.com/jgibbarduk/zed-atmos-extension/lsp-bridge/internal/index/parser.go:186.32,188.8 1 1
github.com/jgibbarduk/zed-atmos-extension/lsp-bridge/internal/index/parser.go:190.6,190.44 1 1
github.com/jgibbarduk/zed-atmos-extension/lsp-bridge/internal/index/parser.go:197.58,198.58 1 1
github.com/jgibbarduk/zed-atmos-extension/lsp-bridge/internal/index/parser.go:198.58,200.3 1 0
github.com/jgibbarduk/zed-atmos-extension/lsp-bridge/internal/index/parser.go:201.2,201.50 1 1
github.com/jgibbarduk/zed-atmos-extension/lsp-bridge/internal/index/parser.go:201.50,204.76 3 1
github.com/jgibbarduk/zed-atmos-extension/lsp-bridge/internal/index/parser.go:204.76,205.12 1 1
github.com/jgibbarduk/zed-atmos-extension/lsp-bridge/internal/index/parser.go:207.3,215.46 2 1
github.com/jgibbarduk/zed-atmos-extension/lsp-bridge/internal/index/parser.go:215.46,218.25 3 1
github.com/jgibbarduk/zed-atmos-extension/lsp-bridge/internal/index/parser.go:219.21,221.45 2 1
github.com/jgibbarduk/zed-atmos-extension/lsp-bridge/internal/index/parser.go:222.20,223.40 1 1
github.com/jgibbarduk/zed-atmos-extension/lsp-bridge/internal/index/parser.go:223.40,226.6 2 0
github.com/jgibbarduk/zed-atmos-extension/lsp-bridge/internal/index/parser.go:226.11,226.49 1 1
github.com/jgibbarduk/zed-atmos-extension/lsp-bridge/internal/index/parser.go:226.49,227.43 1 1
github.com/jgibbarduk/zed-atmos-extension/lsp-bridge/internal/index/parser.go:227.43,228.39 1 1
github.com/jgibbarduk/zed-atmos-extension/lsp-bridge/internal/index/parser.go:228.39,234.8 1 1
github.com/jgibbarduk/zed-atmos-extension/lsp-bridge/internal/index/parser.go:237.16,238.30 1 1
github.com/jgibbarduk/zed-atmos-extension/lsp-bridge/internal/index/parser.go:239.16,241.40 2 1
github.com/jgibbarduk/zed-atmos-extension/lsp-bridge/internal/index/parser.go:244.3,244.88 1 1
github.com/jgibbarduk/zed-atmos-extension/lsp-bridge/internal/index/parser.go:244.88,246.4 1 1
github.com/jgibbarduk/zed-atmos-extension/lsp-bridge/internal/index/parser.go:250.62,251.58 1 1
github.com/jgibbarduk/zed-atmos-extension/lsp-bridge/internal/index/parser.go:251.58,253.3 1 0
github.com/jgibbarduk/zed-atmos-extension/lsp-bridge/internal/index/parser.go:254.2,254.50 1 1
github.com/jgibbarduk/zed-atmos-extension/lsp-bridge/internal/index/parser.go:254.50,257.80 3 1
github.com/jgibbarduk/zed-atmos-extension/lsp-bridge/internal/index/parser.go:257.80,258.12 1 1
github.com/jgibbarduk/zed-atmos-extension/lsp-bridge/internal/index/parser.go:260.3,260.46 1 1
github.com/jgibbarduk/zed-atmos-extension/lsp-bridge/internal/index/parser.go:260.46,263.89 3 1
github.com/jgibbarduk/zed-atmos-extension/lsp-bridge/internal/index/parser.go:263.89,264.13 1 1
github.com/jgibbarduk/zed-atmos-extension/lsp-bridge/internal/index/parser.go:266.4,266.40 1 1
github.com/jgibbarduk/zed-atmos-extension/lsp-bridge/internal/index/parser.go:266.40,267.22 1 1
github.com/jgibbarduk/zed-atmos-extension/lsp-bridge/internal/index/parser.go:268.26,272.8 1 1
github.com/jgibbarduk/zed-atmos-extension/lsp-bridge/internal/index/parser.go:273.27,274.50 1 1
github.com/jgibbarduk/zed-atmos-extension/lsp-bridge/internal/index/parser.go:274.50,277.89 3 1
github.com/jgibbarduk/zed-atmos-extension/lsp-bridge/internal/index/parser.go:277.89,282.8 1 1
github.com/jgibbarduk/zed-atmos-extension/lsp-bridge/internal/index/parser.go:290.64,291.17 1 1
github.com/jgibbarduk/zed-atmos-extension/lsp-bridge/internal/index/parser.go:291.17,293.3 1 0
github.com/jgibbarduk/zed-atmos-extension/lsp-bridge/internal/index/parser.go:294.2,294.68 1 1
github.com/jgibbarduk/zed-atmos-extension/lsp-bridge/internal/index/parser.go:294.68,299.21 3 1
github.com/jgibbarduk/zed-atmos-extension/lsp-bridge/internal/index/parser.go:299.21,301.22 2 1
github.com/jgibbarduk/zed-atmos-extension/lsp-bridge/internal/index/parser.go:301.22,303.5 1 1
github.com/jgibbarduk/zed-atmos-extension/lsp-bridge/internal/index/parser.go:305.3,305.53 1 1
github.com/jgibbarduk/zed-atmos-extension/lsp-bridge/internal/index/parser.go:307.2,307.37 1 1
github.com/jgibbarduk/zed-atmos-extension/lsp-bridge/internal/index/parser.go:307.37,309.3 1 1
github.com/jgibbarduk/zed-atmos-extension/lsp-bridge/internal/index/parser.go:312.76,314.2 1 1
github.com/jgibbarduk/zed-atmos-extension/lsp-bridge/internal/index/parser.go:316.94,317.17 1 1
github.com/jgibbarduk/zed-atmos-extension/lsp-bridge/internal/index/parser.go:317.17,319.3 1 0
github.com/jgibbarduk/zed-atmos-extension/lsp-bridge/internal/index/parser.go:321.2,321.90 1 1
github.com/jgibbarduk/zed-atmos-extension/lsp-bridge/internal/index/parser.go:321.90,329.3 1 1
github.com/jgibbarduk/zed-atmos-extension/lsp-bridge/internal/index/parser.go:331.2,331.91 1 1
github.com/jgibbarduk/zed-atmos-extension/lsp-bridge/internal/index/parser.go:331.91,339.3 1 1
github.com/jgibbarduk/zed-atmos-extension/lsp-bridge/internal/index/parser.go:340.2,340.35 1 1
github.com/jgibbarduk/zed-atmos-extension/lsp-bridge/internal/index/parser.go:340.35,341.47 1 1
github.com/jgibbarduk/zed-atmos-extension/lsp-bridge/internal/index/parser.go:341.47,345.23 4 1
github.com/jgibbarduk/zed-atmos-extension/lsp-bridge/internal/index/parser.go:345.23,347.5 1 1
github.com/jgibbarduk/zed-atmos-extension/lsp-bridge/internal/index/parser.go:348.4,348.59 1 1
github.com/jgibbarduk/zed-atmos-extension/lsp-bridge/internal/index/parser.go:350.8,351.38 1 1
github.com/jgibbarduk/zed-atmos-extension/lsp-bridge/internal/index/parser.go:351.38,353.4 1 1
github.com/jgibbarduk/zed-atmos-extension/lsp-bridge/internal/index/parser.go:357.80,358.50 1 1
github.com/jgibbarduk/zed-atmos-extension/lsp-bridge/internal/index/parser.go:358.50,360.3 1 0
github.com/jgibbarduk/zed-atmos-extension/lsp-bridge/internal/index/parser.go:361.2,361.46 1 1
github.com/jgibbarduk/zed-atmos-extension/lsp-bridge/internal/index/parser.go:361.46,364.48 3 1
github.com/jgibbarduk/zed-atmos-extension/lsp-bridge/internal/index/parser.go:364.48,365.12 1 1
github.com/jgibbarduk/zed-atmos-extension/lsp-bridge/internal/index/parser.go:367.3,367.20 1 1
github.com/jgibbarduk/zed-atmos-extension/lsp-bridge/internal/index/parser.go:368.23,374.6 1 1
github.com/jgibbarduk/zed-atmos-extension/lsp-bridge/internal/index/parser.go:375.36,381.6 1 1
github.com/jgibbarduk/zed-atmos-extension/lsp-bridge/internal/index/parser.go:386.85,387.50 1 1
github.com/jgibbarduk/zed-atmos-extension/lsp-bridge/internal/index/parser.go:387.50,389.3 1 0
github.com/jgibbarduk/zed-atmos-extension/lsp-bridge/internal/index/parser.go:390.2,390.46 1 1
github.com/jgibbarduk/zed-atmos-extension/lsp-bridge/internal/index/parser.go:390.46,393.76 3 1
github.com/jgibbarduk/zed-atmos-extension/lsp-bridge/internal/index/parser.go:393.76,394.12 1 1
github.com/jgibbarduk/zed-atmos-extension/lsp-bridge/internal/index/parser.go:396.3,396.46 1 1
github.com/jgibbarduk/zed-atmos-extension/lsp-bridge/internal/index/parser.go:396.46,399.88 3 1
github.com/jgibbarduk/zed-atmos-extension/lsp-bridge/internal/index/parser.go:399.88,400.13 1 0
github.com/jgibbarduk/zed-atmos-extension/lsp-bridge/internal/index/parser.go:402.4,402.50 1 1
github.com/jgibbarduk/zed-atmos-extension/lsp-bridge/internal/index/parser.go:402.50,405.57 3 1
github.com/jgibbarduk/zed-atmos-extension/lsp-bridge/internal/index/parser.go:405.57,406.14 1 0
github.com/jgibbarduk/zed-atmos-extension/lsp-bridge/internal/index/parser.go:408.5,410.51 3 1
github.com/jgibbarduk/zed-atmos-extension/lsp-bridge/internal/index/parser.go:410.51,413.76 3 1
github.com/jgibbarduk/zed-atmos-extension/lsp-bridge/internal/index/parser.go:413.76,415.12 2 1
github.com/jgibbarduk/zed-atmos-extension/lsp-bridge/internal/index/parser.go:418.5,418.27 1 1
github.com/jgibbarduk/zed-atmos-extension/lsp-bridge/internal/index/parser.go:418.27,424.6 1 1
github.com/jgibbarduk/zed-atmos-extension/lsp-bridge/internal/index/parser.go:430.72,431.50 1 1
github.com/jgibbarduk/zed-atmos-extension/lsp-bridge/internal/index/parser.go:431.50,433.3 1 0
github.com/jgibbarduk/zed-atmos-extension/lsp-bridge/internal/index/parser.go:434.2,434.46 1 1
github.com/jgibbarduk/zed-atmos-extension/lsp-bridge/internal/index/parser.go:434.46,437.32 3 1
github.com/jgibbarduk/zed-atmos-extension/lsp-bridge/internal/index/parser.go:437.32,438.12 1 0
github.com/jgibbarduk/zed-atmos-extension/lsp-bridge/internal/index/parser.go:440.3,441.44 2 1
github.com/jgibbarduk/zed-atmos-extension/lsp-bridge/internal/index/parser.go:441.44,443.4 1 1
github.com/jgibbarduk/zed-atmos-extension/lsp-bridge/internal/index/parser.go:444.3,445.15 2 1
github.com/jgibbarduk/zed-atmos-extension/lsp-bridge/internal/index/parser.go:445.15,447.4 1 1
github.com/jgibbarduk/zed-atmos-extension/lsp-bridge/internal/index/parser.go:448.3,454.5 1 1
github.com/jgibbarduk/zed-atmos-extension/lsp-bridge/internal/index/parser.go:458.80,459.50 1 1
github.com/jgibbarduk/zed-atmos-extension/lsp-bridge/internal/index/parser.go:459.50,461.3 1 0
github.com/jgibbarduk/zed-atmos-extension/lsp-bridge/internal/index/parser.go:462.2,462.46 1 1
github.com/jgibbarduk/zed-atmos-extension/lsp-bridge/internal/index/parser.go:462.46,465.72 3 1
github.com/jgibbarduk/zed-atmos-extension/lsp-bridge/internal/index/parser.go:465.72,466.12 1 0
github.com/jgibbarduk/zed-atmos-extension/lsp-bridge/internal/index/parser.go:468.3,468.46 1 1
github.com/jgibbarduk/zed-atmos-extension/lsp-bridge/internal/index/parser.go:468.46,471.33 3 1
github.com/jgibbarduk/zed-atmos-extension/lsp-bridge/internal/index/parser.go:471.33,472.13 1 0
github.com/jgibbarduk/zed-atmos-extension/lsp-bridge/internal/index/parser.go:474.4,475.45 2 1
github.com/jgibbarduk/zed-atmos-extension/lsp-bridge/internal/index/parser.go:475.45,477.5 1 1
github.com/jgibbarduk/zed-atmos-extension/lsp-bridge/internal/index/parser.go:478.4,479.16 2 1
github.com/jgibbarduk/zed-atmos-extension/lsp-bridge/internal/index/parser.go:479.16,481.5 1 1
github.com/jgibbarduk/zed-atmos-extension/lsp-bridge/internal/index/parser.go:482.4,489.31 2 1
github.com/jgibbarduk/zed-atmos-extension/lsp-bridge/internal/index/parser.go:489.31,491.5 1 1
github.com/jgibbarduk/zed-atmos-extension/lsp-bridge/internal/index/parser.go:491.10,491.37 1 1
github.com/jgibbarduk/zed-atmos-extension/lsp-bridge/internal/index/parser.go:491.37,493.5 1 1
github.com/jgibbarduk/zed-atmos-extension/lsp-bridge/internal/index/parser.go:498.55,499.50 1 1
github.com/jgibbarduk/zed-atmos-extension/lsp-bridge/internal/index/parser.go:499.50,501.3 1 0
github.com/jgibbarduk/zed-atmos-extension/lsp-bridge/internal/index/parser.go:502.2,502.46 1 1
github.com/jgibbarduk/zed-atmos-extension/lsp-bridge/internal/index/parser.go:502.46,505.72 3 1
github.com/jgibbarduk/zed-atmos-extension/lsp-bridge/internal/index/parser.go:505.72,506.12 1 0
github.com/jgibbarduk/zed-atmos-extension/lsp-bridge/internal/index/parser.go:508.3,508.46 1 1
github.com/jgibbarduk/zed-atmos-extension/lsp-bridge/internal/index/parser.go:508.46,511.33 3 1
github.com/jgibbarduk/zed-atmos-extension/lsp-bridge/internal/index/parser.go:511.33,512.13 1 0
github.com/jgibbarduk/zed-atmos-extension/lsp-bridge/internal/index/parser.go:514.4,515.45 2 1
github.com/jgibbarduk/zed-atmos-extension/lsp-bridge/internal/index/parser.go:515.45,517.5 1 1
github.com/jgibbarduk/zed-atmos-extension/lsp-bridge/internal/index/parser.go:518.4,519.16 2 1
github.com/jgibbarduk/zed-atmos-extension/lsp-bridge/internal/index/parser.go:519.16,521.5 1 1
github.com/jgibbarduk/zed-atmos-extension/lsp-bridge/internal/index/parser.go:522.4,528.6 1 1
github.com/jgibbarduk/zed-atmos-extension/lsp-bridge/internal/handler/config.go:9.29,15.2 2 1
github.com/jgibbarduk/zed-atmos-extension/lsp-bridge/internal/handler/diagnostics.go:23.38,25.35 2 1
github.com/jgibbarduk/zed-atmos-extension/lsp-bridge/internal/handler/diagnostics.go:25.35,27.3 1 1
github.com/jgibbarduk/zed-atmos-extension/lsp-bridge/internal/handler/diagnostics.go:28.2,29.13 2 1
github.com/jgibbarduk/zed-atmos-extension/lsp-bridge/internal/handler/diagnostics.go:73.94,75.35 2 1
github.com/jgibbarduk/zed-atmos-extension/lsp-bridge/internal/handler/diagnostics.go:75.35,77.3 1 1
github.com/jgibbarduk/zed-atmos-extension/lsp-bridge/internal/handler/diagnostics.go:78.2,78.14 1 1
github.com/jgibbarduk/zed-atmos-extension/lsp-bridge/internal/handler/diagnostics.go:81.88,82.27 1 1
github.com/jgibbarduk/zed-atmos-extension/lsp-bridge/internal/handler/diagnostics.go:82.27,84.3 1 1
github.com/jgibbarduk/zed-atmos-extension/lsp-bridge/internal/handler/diagnostics.go:85.2,87.77 3 1
github.com/jgibbarduk/zed-atmos-extension/lsp-bridge/internal/handler/diagnostics.go:87.77,90.18 3 1
github.com/jgibbarduk/zed-atmos-extension/lsp-bridge/internal/handler/diagnostics.go:90.18,92.4 1 0
github.com/jgibbarduk/zed-atmos-extension/lsp-bridge/internal/handler/diagnostics.go:93.8,95.3 1 0
github.com/jgibbarduk/zed-atmos-extension/lsp-bridge/internal/handler/diagnostics.go:96.2,102.4 2 1
github.com/jgibbarduk/zed-atmos-extension/lsp-bridge/internal/handler/diagnostics.go:105.94,108.76 3 1
github.com/jgibbarduk/zed-atmos-extension/lsp-bridge/internal/handler/diagnostics.go:108.76,110.3 1 0
github.com/jgibbarduk/zed-atmos-extension/lsp-bridge/internal/handler/diagnostics.go:111.2,113.46 3 1
github.com/jgibbarduk/zed-atmos-extension/lsp-bridge/internal/handler/diagnostics.go:113.46,115.3 1 0
github.com/jgibbarduk/zed-atmos-extension/lsp-bridge/internal/handler/diagnostics.go:116.2,121.4 1 1
github.com/jgibbarduk/zed-atmos-extension/lsp-bridge/internal/handler/diagnostics.go:124.90,125.27 1 1
github.com/jgibbarduk/zed-atmos-extension/lsp-bridge/internal/handler/diagnostics.go:125.27,127.3 1 1
github.com/jgibbarduk/zed-atmos-extension/lsp-bridge/internal/handler/diagnostics.go:128.2,133.4 1 1
github.com/jgibbarduk/zed-atmos-extension/lsp-bridge/internal/handler/diagnostics.go:136.97,139.34 3 1
github.com/jgibbarduk/zed-atmos-extension/lsp-bridge/internal/handler/diagnostics.go:139.34,140.22 1 1
github.com/jgibbarduk/zed-atmos-extension/lsp-bridge/internal/handler/diagnostics.go:140.22,147.4 1 1
github.com/jgibbarduk/zed-atmos-extension/lsp-bridge/internal/handler/diagnostics.go:147.9,149.4 1 1
github.com/jgibbarduk/zed-atmos-extension/lsp-bridge/internal/handler/diagnostics.go:151.2,151.14 1 1
github.com/jgibbarduk/zed-atmos-extension/lsp-bridge/internal/handler/diagnostics.go:154.98,156.34 2 1
github.com/jgibbarduk/zed-atmos-extension/lsp-bridge/internal/handler/diagnostics.go:156.34,157.51 1 1
github.com/jgibbarduk/zed-atmos-extension/lsp-bridge/internal/handler/diagnostics.go:157.51,164.4 1 1
github.com/jgibbarduk/zed-atmos-extension/lsp-bridge/internal/handler/diagnostics.go:166.2,166.14 1 1
github.com/jgibbarduk/zed-atmos-extension/lsp-bridge/internal/handler/diagnostics.go:169.90,171.37 2 1
github.com/jgibbarduk/zed-atmos-extension/lsp-bridge/internal/handler/diagnostics.go:171.37,172.72 1 1
github.com/jgibbarduk/zed-atmos-extension/lsp-bridge/internal/handler/diagnostics.go:172.72,179.4 1 1
github.com/jgibbarduk/zed-atmos-extension/lsp-bridge/internal/handler/diagnostics.go:181.2,181.14 1 1
github.com/jgibbarduk/zed-atmos-extension/lsp-bridge/internal/handler/diagnostics.go:184.98,188.20 4 1
github.com/jgibbarduk/zed-atmos-extension/lsp-bridge/internal/handler/diagnostics.go:188.20,190.3 1 0
github.com/jgibbarduk/zed-atmos-extension/lsp-bridge/internal/handler/diagnostics.go:191.2,191.37 1 1
github.com/jgibbarduk/zed-atmos-extension/lsp-bridge/internal/handler/diagnostics.go:191.37,192.27 1 1
github.com/jgibbarduk/zed-atmos-extension/lsp-bridge/internal/handler/diagnostics.go:192.27,193.12 1 1
github.com/jgibbarduk/zed-atmos-extension/lsp-bridge/internal/handler/diagnostics.go:195.3,197.21 3 0
github.com/jgibbarduk/zed-atmos-extension/lsp-bridge/internal/handler/diagnostics.go:197.21,199.12 2 0
github.com/jgibbarduk/zed-atmos-extension/lsp-bridge/internal/handler/diagnostics.go:201.3,201.100 1 0
github.com/jgibbarduk/zed-atmos-extension/lsp-bridge/internal/handler/diagnostics.go:201.100,208.12 2 0
github.com/jgibbarduk/zed-atmos-extension/lsp-bridge/internal/handler/diagnostics.go:210.3,210.53 1 0
github.com/jgibbarduk/zed-atmos-extension/lsp-bridge/internal/handler/diagnostics.go:210.53,217.4 1 0
github.com/jgibbarduk/zed-atmos-extension/lsp-bridge/internal/handler/diagnostics.go:219.2,219.14 1 1
github.com/jgibbarduk/zed-atmos-extension/lsp-bridge/internal/handler/diagnostics.go:222.94,224.37 2 1
github.com/jgibbarduk/zed-atmos-extension/lsp-bridge/internal/handler/diagnostics.go:224.37,225.26 1 1
github.com/jgibbarduk/zed-atmos-extension/lsp-bridge/internal/handler/diagnostics.go:225.26,227.22 2 0
github.com/jgibbarduk/zed-atmos-extension/lsp-bridge/internal/handler/diagnostics.go:227.22,234.5 1 0
github.com/jgibbarduk/zed-atmos-extension/lsp-bridge/internal/handler/diagnostics.go:237.2,237.14 1 1
github.com/jgibbarduk/zed-atmos-extension/lsp-bridge/internal/handler/diagnostics.go:240.93,242.39 2 1
github.com/jgibbarduk/zed-atmos-extension/lsp-bridge/internal/handler/diagnostics.go:242.39,243.34 1 1
github.com/jgibbarduk/zed-atmos-extension/lsp-bridge/internal/handler/diagnostics.go:243.34,250.4 1 1
github.com/jgibbarduk/zed-atmos-extension/lsp-bridge/internal/handler/diagnostics.go:252.2,252.14 1 1
github.com/jgibbarduk/zed-atmos-extension/lsp-bridge/internal/handler/diagnostics.go:255.95,257.39 2 1
github.com/jgibbarduk/zed-atmos-extension/lsp-bridge/internal/handler/diagnostics.go:257.39,258.25 1 1
github.com/jgibbarduk/zed-atmos-extension/lsp-bridge/internal/handler/diagnostics.go:258.25,259.12 1 0
github.com/jgibbarduk/zed-atmos-extension/lsp-bridge/internal/handler/diagnostics.go:261.3,262.21 2 1
github.com/jgibbarduk/zed-atmos-extension/lsp-bridge/internal/handler/diagnostics.go:262.21,269.4 1 1
github.com/jgibbarduk/zed-atmos-extension/lsp-bridge/internal/handler/diagnostics.go:271.2,271.14 1 1
github.com/jgibbarduk/zed-atmos-extension/lsp-bridge/internal/handler/diagnostics.go:274.97,276.35 2 1
github.com/jgibbarduk/zed-atmos-extension/lsp-bridge/internal/handler/diagnostics.go:276.35,278.25 2 1
github.com/jgibbarduk/zed-atmos-extension/lsp-bridge/internal/handler/diagnostics.go:278.25,286.4 2 1
github.com/jgibbarduk/zed-atmos-extension/lsp-bridge/internal/handler/diagnostics.go:286.9,288.4 1 1
github.com/jgibbarduk/zed-atmos-extension/lsp-bridge/internal/handler/diagnostics.go:290.2,290.14 1 1
github.com/jgibbarduk/zed-atmos-extension/lsp-bridge/internal/handler/diagnostics.go:293.89,294.28 1 1
github.com/jgibbarduk/zed-atmos-extension/lsp-bridge/internal/handler/diagnostics.go:294.28,296.3 1 1
github.com/jgibbarduk/zed-atmos-extension/lsp-bridge/internal/handler/diagnostics.go:297.2,298.35 2 1
github.com/jgibbarduk/zed-atmos-extension/lsp-bridge/internal/handler/diagnostics.go:298.35,299.58 1 1
github.com/jgibbarduk/zed-atmos-extension/lsp-bridge/internal/handler/diagnostics.go:299.58,306.4 1 0
github.com/jgibbarduk/zed-atmos-extension/lsp-bridge/internal/handler/diagnostics.go:308.2,308.14 1 1
github.com/jgibbarduk/zed-atmos-extension/lsp-bridge/internal/handler/diagnostics.go:311.93,313.30 2 1
github.com/jgibbarduk/zed-atmos-extension/lsp-bridge/internal/handler/diagnostics.go:313.30,314.73 1 1
github.com/jgibbarduk/zed-atmos-extension/lsp-bridge/internal/handler/diagnostics.go:314.73,321.4 1 0
github.com/jgibbarduk/zed-atmos-extension/lsp-bridge/internal/handler/diagnostics.go:323.2,323.14 1 1
github.com/jgibbarduk/zed-atmos-extension/lsp-bridge/internal/handler/diagnostics.go:326.94,327.90 1 1
github.com/jgibbarduk/zed-atmos-extension/lsp-bridge/internal/handler/diagnostics.go:327.90,329.3 1 0
github.com/jgibbarduk/zed-atmos-extension/lsp-bridge/internal/handler/diagnostics.go:330.2,331.34 2 1
github.com/jgibbarduk/zed-atmos-extension/lsp-bridge/internal/handler/diagnostics.go:331.34,338.3 1 1
github.com/jgibbarduk/zed-atmos-extension/lsp-bridge/internal/handler/diagnostics.go:339.2,339.14 1 1
github.com/jgibbarduk/zed-atmos-extension/lsp-bridge/internal/handler/diagnostics.go:342.96,344.37 2 1
github.com/jgibbarduk/zed-atmos-extension/lsp-bridge/internal/handler/diagnostics.go:344.37,345.54 1 1
github.com/jgibbarduk/zed-atmos-extension/lsp-bridge/internal/handler/diagnostics.go:345.54,347.28 2 0
github.com/jgibbarduk/zed-atmos-extension/lsp-bridge/internal/handler/diagnostics.go:347.28,354.5 1 0
github.com/jgibbarduk/zed-atmos-extension/lsp-bridge/internal/handler/diagnostics.go:357.2,357.14 1 1
github.com/jgibbarduk/zed-atmos-extension/lsp-bridge/internal/handler/diagnostics.go:360.100,362.32 2 1
github.com/jgibbarduk/zed-atmos-extension/lsp-bridge/internal/handler/diagnostics.go:362.32,363.26 1 1
github.com/jgibbarduk/zed-atmos-extension/lsp-bridge/internal/handler/diagnostics.go:363.26,364.12 1 0
github.com/jgibbarduk/zed-atmos-extension/lsp-bridge/internal/handler/diagnostics.go:366.3,367.21 2 1
github.com/jgibbarduk/zed-atmos-extension/lsp-bridge/internal/handler/diagnostics.go:367.21,374.4 1 1
github.com/jgibbarduk/zed-atmos-extension/lsp-bridge/internal/handler/diagnostics.go:376.2,376.14 1 1
github.com/jgibbarduk/zed-atmos-extension/lsp-bridge/internal/handler/diagnostics.go:379.96,381.41 2 1
github.com/jgibbarduk/zed-atmos-extension/lsp-bridge/internal/handler/diagnostics.go:381.41,382.25 1 1
github.com/jgibbarduk/zed-atmos-extension/lsp-bridge/internal/handler/diagnostics.go:382.25,383.12 1 0
github.com/jgibbarduk/zed-atmos-extension/lsp-bridge/internal/handler/diagnostics.go:385.3,386.33 2 1
github.com/jgibbarduk/zed-atmos-extension/lsp-bridge/internal/handler/diagnostics.go:386.33,387.37 1 1
github.com/jgibbarduk/zed-atmos-extension/lsp-bridge/internal/handler/diagnostics.go:387.37,389.10 2 1
github.com/jgibbarduk/zed-atmos-extension/lsp-bridge/internal/handler/diagnostics.go:392.3,392.13 1 1
github.com/jgibbarduk/zed-atmos-extension/lsp-bridge/internal/handler/diagnostics.go:392.13,393.42 1 0
github.com/jgibbarduk/zed-atmos-extension/lsp-bridge/internal/handler/diagnostics.go:393.42,394.38 1 0
github.com/jgibbarduk/zed-atmos-extension/lsp-bridge/internal/handler/diagnostics.go:394.38,396.11 2 0
github.com/jgibbarduk/zed-atmos-extension/lsp-bridge/internal/handler/diagnostics.go:400.3,400.13 1 1
github.com/jgibbarduk/zed-atmos-extension/lsp-bridge/internal/handler/diagnostics.go:400.13,407.4 1 0
github.com/jgibbarduk/zed-atmos-extension/lsp-bridge/internal/handler/diagnostics.go:409.2,409.14 1 1
github.com/jgibbarduk/zed-atmos-extension/lsp-bridge/internal/handler/diagnostics.go:412.97,415.30 3 1
github.com/jgibbarduk/zed-atmos-extension/lsp-bridge/internal/handler/diagnostics.go:415.30,416.75 1 1
github.com/jgibbarduk/zed-atmos-extension/lsp-bridge/internal/handler/diagnostics.go:416.75,417.12 1 1
github.com/jgibbarduk/zed-atmos-extension/lsp-bridge/internal/handler/diagnostics.go:419.3,420.74 2 1
github.com/jgibbarduk/zed-atmos-extension/lsp-bridge/internal/handler/diagnostics.go:420.74,421.18 1 1
github.com/jgibbarduk/zed-atmos-extension/lsp-bridge/internal/handler/diagnostics.go:421.18,423.18 2 1
github.com/jgibbarduk/zed-atmos-extension/lsp-bridge/internal/handler/diagnostics.go:423.18,424.14 1 0
github.com/jgibbarduk/zed-atmos-extension/lsp-bridge/internal/handler/diagnostics.go:426.5,427.32 2 1
github.com/jgibbarduk/zed-atmos-extension/lsp-bridge/internal/handler/diagnostics.go:427.32,434.6 1 1
github.com/jgibbarduk/zed-atmos-extension/lsp-bridge/internal/handler/diagnostics.go:437.3,437.74 1 1
github.com/jgibbarduk/zed-atmos-extension/lsp-bridge/internal/handler/diagnostics.go:437.74,438.18 1 1
github.com/jgibbarduk/zed-atmos-extension/lsp-bridge/internal/handler/diagnostics.go:438.18,440.57 2 1
github.com/jgibbarduk/zed-atmos-extension/lsp-bridge/internal/handler/diagnostics.go:440.57,441.14 1 0
github.com/jgibbarduk/zed-atmos-extension/lsp-bridge/internal/handler/diagnostics.go:443.5,443.18 1 1
github.com/jgibbarduk/zed-atmos-extension/lsp-bridge/internal/handler/diagnostics.go:443.18,444.14 1 0
github.com/jgibbarduk/zed-atmos-extension/lsp-bridge/internal/handler/diagnostics.go:446.5,447.32 2 1
github.com/jgibbarduk/zed-atmos-extension/lsp-bridge/internal/handler/diagnostics.go:447.32,454.6 1 1
github.com/jgibbarduk/zed-atmos-extension/lsp-bridge/internal/handler/diagnostics.go:458.2,458.14 1 1
github.com/jgibbarduk/zed-atmos-extension/lsp-bridge/internal/handler/diagnostics.go:461.94,464.35 3 1
github.com/jgibbarduk/zed-atmos-extension/lsp-bridge/internal/handler/diagnostics.go:464.35,465.24 1 1
github.com/jgibbarduk/zed-atmos-extension/lsp-bridge/internal/handler/diagnostics.go:465.24,472.4 1 1
github.com/jgibbarduk/zed-atmos-extension/lsp-bridge/internal/handler/diagnostics.go:472.9,474.4 1 1
github.com/jgibbarduk/zed-atmos-extension/lsp-bridge/internal/handler/diagnostics.go:476.2,476.14 1 1
github.com/jgibbarduk/zed-atmos-extension/lsp-bridge/internal/handler/diagnostics.go:479.93,480.69 1 1
github.com/jgibbarduk/zed-atmos-extension/lsp-bridge/internal/handler/diagnostics.go:480.69,482.11 2 1
github.com/jgibbarduk/zed-atmos-extension/lsp-bridge/internal/handler/diagnostics.go:482.11,484.4 1 1
github.com/jgibbarduk/zed-atmos-extension/lsp-bridge/internal/handler/diagnostics.go:485.3,490.5 1 1
github.com/jgibbarduk/zed-atmos-extension/lsp-bridge/internal/handler/diagnostics.go:492.2,492.12 1 1
github.com/jgibbarduk/zed-atmos-extension/lsp-bridge/internal/handler/diagnostics.go:497.108,498.28 1 1
github.com/jgibbarduk/zed-atmos-extension/lsp-bridge/internal/handler/diagnostics.go:498.28,500.3 1 1
github.com/jgibbarduk/zed-atmos-extension/lsp-bridge/internal/handler/diagnostics.go:501.2,501.20 1 1
github.com/jgibbarduk/zed-atmos-extension/lsp-bridge/internal/handler/diagnostics.go:501.20,503.3 1 1
github.com/jgibbarduk/zed-atmos-extension/lsp-bridge/internal/handler/diagnostics.go:504.2,504.32 1 1
github.com/jgibbarduk/zed-atmos-extension/lsp-bridge/internal/handler/diagnostics.go:504.32,506.3 1 1
github.com/jgibbarduk/zed-atmos-extension/lsp-bridge/internal/handler/diagnostics.go:507.2,508.14 2 1
github.com/jgibbarduk/zed-atmos-extension/lsp-bridge/internal/handler/diagnostics.go:508.14,510.3 1 1
github.com/jgibbarduk/zed-atmos-extension/lsp-bridge/internal/handler/diagnostics.go:511.2,512.32 2 1
github.com/jgibbarduk/zed-atmos-extension/lsp-bridge/internal/handler/diagnostics.go:512.32,514.30 2 1
github.com/jgibbarduk/zed-atmos-extension/lsp-bridge/internal/handler/diagnostics.go:514.30,515.73 1 1
github.com/jgibbarduk/zed-atmos-extension/lsp-bridge/internal/handler/diagnostics.go:515.73,517.5 1 1
github.com/jgibbarduk/zed-atmos-extension/lsp-bridge/internal/handler/diagnostics.go:520.2,521.21 2 1
github.com/jgibbarduk/zed-atmos-extension/lsp-bridge/internal/handler/handler.go:74.69,75.16 1 1
github.com/jgibbarduk/zed-atmos-extension/lsp-bridge/internal/handler/handler.go:75.16,76.35 1 0
github.com/jgibbarduk/zed-atmos-extension/lsp-bridge/internal/handler/handler.go:78.2,83.3 1 1
github.com/jgibbarduk/zed-atmos-extension/lsp-bridge/internal/handler/handler.go:87.52,89.2 1 1
github.com/jgibbarduk/zed-atmos-extension/lsp-bridge/internal/handler/handler.go:93.30,96.24 3 1
github.com/jgibbarduk/zed-atmos-extension/lsp-bridge/internal/handler/handler.go:96.24,98.3 1 1
github.com/jgibbarduk/zed-atmos-extension/lsp-bridge/internal/handler/handler.go:99.2,100.24 2 1
github.com/jgibbarduk/zed-atmos-extension/lsp-bridge/internal/handler/handler.go:100.24,102.3 1 1
github.com/jgibbarduk/zed-atmos-extension/lsp-bridge/internal/handler/handler.go:105.98,106.15 1 1
github.com/jgibbarduk/zed-atmos-extension/lsp-bridge/internal/handler/handler.go:106.15,107.31 1 1
github.com/jgibbarduk/zed-atmos-extension/lsp-bridge/internal/handler/handler.go:107.31,109.4 1 0
github.com/jgibbarduk/zed-atmos-extension/lsp-bridge/internal/handler/handler.go:112.2,112.16 1 1
github.com/jgibbarduk/zed-atmos-extension/lsp-bridge/internal/handler/handler.go:113.20,114.37 1 1
github.com/jgibbarduk/zed-atmos-extension/lsp-bridge/internal/handler/handler.go:115.21,116.38 1 1
github.com/jgibbarduk/zed-atmos-extension/lsp-bridge/internal/handler/handler.go:117.18,120.17 3 1
github.com/jgibbarduk/zed-atmos-extension/lsp-bridge/internal/handler/handler.go:120.17,122.4 1 0
github.com/jgibbarduk/zed-atmos-extension/lsp-bridge/internal/handler/handler.go:123.3,123.28 1 1
github.com/jgibbarduk/zed-atmos-extension/lsp-bridge/internal/handler/handler.go:123.28,125.4 1 0
github.com/jgibbarduk/zed-atmos-extension/lsp-bridge/internal/handler/handler.go:127.3,127.45 1 1
github.com/jgibbarduk/zed-atmos-extension/lsp-bridge/internal/handler/handler.go:128.14,130.29 2 1
github.com/jgibbarduk/zed-atmos-extension/lsp-bridge/internal/handler/handler.go:131.33,132.37 1 1
github.com/jgibbarduk/zed-atmos-extension/lsp-bridge/internal/handler/handler.go:133.33,134.37 1 1
github.com/jgibbarduk/zed-atmos-extension/lsp-bridge/internal/handler/handler.go:135.28,138.59 3 1
github.com/jgibbarduk/zed-atmos-extension/lsp-bridge/internal/handler/handler.go:138.59,140.4 1 0
github.com/jgibbarduk/zed-atmos-extension/lsp-bridge/internal/handler/handler.go:141.3,141.36 1 1
github.com/jgibbarduk/zed-atmos-extension/lsp-bridge/internal/handler/handler.go:142.29,143.33 1 1
github.com/jgibbarduk/zed-atmos-extension/lsp-bridge/internal/handler/handler.go:144.33,145.37 1 1
github.com/jgibbarduk/zed-atmos-extension/lsp-bridge/internal/handler/handler.go:146.33,147.37 1 1
github.com/jgibbarduk/zed-atmos-extension/lsp-bridge/internal/handler/handler.go:148.105,149.38 1 1
github.com/jgibbarduk/zed-atmos-extension/lsp-bridge/internal/handler/handler.go:151.2,151.29 1 0
github.com/jgibbarduk/zed-atmos-extension/lsp-bridge/internal/handler/handler.go:154.87,160.54 2 1
github.com/jgibbarduk/zed-atmos-extension/lsp-bridge/internal/handler/handler.go:160.54,162.3 1 0
github.com/jgibbarduk/zed-atmos-extension/lsp-bridge/internal/handler/handler.go:164.2,168.60 2 1
github.com/jgibbarduk/zed-atmos-extension/lsp-bridge/internal/handler/handler.go:168.60,170.3 1 0
github.com/jgibbarduk/zed-atmos-extension/lsp-bridge/internal/handler/handler.go:172.2,173.27 2 1
github.com/jgibbarduk/zed-atmos-extension/lsp-bridge/internal/handler/handler.go:173.27,175.3 1 1
github.com/jgibbarduk/zed-atmos-extension/lsp-bridge/internal/handler/handler.go:175.8,175.33 1 0
github.com/jgibbarduk/zed-atmos-extension/lsp-bridge/internal/handler/handler.go:175.33,177.3 1 0
github.com/jgibbarduk/zed-atmos-extension/lsp-bridge/internal/handler/handler.go:180.2,184.62 3 1
github.com/jgibbarduk/zed-atmos-extension/lsp-bridge/internal/handler/handler.go:184.62,186.3 1 0
github.com/jgibbarduk/zed-atmos-extension/lsp-bridge/internal/handler/handler.go:188.2,188.53 1 1
github.com/jgibbarduk/zed-atmos-extension/lsp-bridge/internal/handler/handler.go:188.53,190.3 1 0
github.com/jgibbarduk/zed-atmos-extension/lsp-bridge/internal/handler/handler.go:191.2,191.62 1 1
github.com/jgibbarduk/zed-atmos-extension/lsp-bridge/internal/handler/handler.go:191.62,193.3 1 0
github.com/jgibbarduk/zed-atmos-extension/lsp-bridge/internal/handler/handler.go:194.2,194.51 1 1
github.com/jgibbarduk/zed-atmos-extension/lsp-bridge/internal/handler/handler.go:194.51,196.3 1 0
github.com/jgibbarduk/zed-atmos-extension/lsp-bridge/internal/handler/handler.go:198.2,198.20 1 1
github.com/jgibbarduk/zed-atmos-extension/lsp-bridge/internal/handler/handler.go:198.20,201.27 3 1
github.com/jgibbarduk/zed-atmos-extension/lsp-bridge/internal/handler/handler.go:201.27,202.38 1 0
github.com/jgibbarduk/zed-atmos-extension/lsp-bridge/internal/handler/handler.go:202.38,204.5 1 0
github.com/jgibbarduk/zed-atmos-extension/lsp-bridge/internal/handler/handler.go:204.10,206.5 1 0
github.com/jgibbarduk/zed-atmos-extension/lsp-bridge/internal/handler/handler.go:207.9,207.28 1 1
github.com/jgibbarduk/zed-atmos-extension/lsp-bridge/internal/handler/handler.go:207.28,209.4 1 0
github.com/jgibbarduk/zed-atmos-extension/lsp-bridge/internal/handler/handler.go:209.9,211.4 1 1
github.com/jgibbarduk/zed-atmos-extension/lsp-bridge/internal/handler/handler.go:212.3,212.32 1 1
github.com/jgibbarduk/zed-atmos-extension/lsp-bridge/internal/handler/handler.go:215.2,215.63 1 1
github.com/jgibbarduk/zed-atmos-extension/lsp-bridge/internal/handler/handler.go:215.63,217.3 1 0
github.com/jgibbarduk/zed-atmos-extension/lsp-bridge/internal/handler/handler.go:219.2,220.16 2 1
github.com/jgibbarduk/zed-atmos-extension/lsp-bridge/internal/handler/handler.go:220.16,222.3 1 0
github.com/jgibbarduk/zed-atmos-extension/lsp-bridge/internal/handler/handler.go:224.2,241.27 2 1
github.com/jgibbarduk/zed-atmos-extension/lsp-bridge/internal/handler/handler.go:241.27,247.122 2 1
github.com/jgibbarduk/zed-atmos-extension/lsp-bridge/internal/handler/handler.go:247.122,248.59 1 1
github.com/jgibbarduk/zed-atmos-extension/lsp-bridge/internal/handler/handler.go:248.59,250.5 1 1
github.com/jgibbarduk/zed-atmos-extension/lsp-bridge/internal/handler/handler.go:254.2,263.16 3 1
github.com/jgibbarduk/zed-atmos-extension/lsp-bridge/internal/handler/handler.go:263.16,265.3 1 0
github.com/jgibbarduk/zed-atmos-extension/lsp-bridge/internal/handler/handler.go:266.2,272.16 3 1
github.com/jgibbarduk/zed-atmos-extension/lsp-bridge/internal/handler/handler.go:272.16,274.3 1 0
github.com/jgibbarduk/zed-atmos-extension/lsp-bridge/internal/handler/handler.go:275.2,275.34 1 1
github.com/jgibbarduk/zed-atmos-extension/lsp-bridge/internal/handler/handler.go:278.88,279.12 1 1
github.com/jgibbarduk/zed-atmos-extension/lsp-bridge/internal/handler/handler.go:279.12,280.16 1 1
github.com/jgibbarduk/zed-atmos-extension/lsp-bridge/internal/handler/handler.go:280.16,281.32 1 1
github.com/jgibbarduk/zed-atmos-extension/lsp-bridge/internal/handler/handler.go:281.32,283.5 1 0
github.com/jgibbarduk/zed-atmos-extension/lsp-bridge/internal/handler/handler.go:285.3,288.34 2 1
github.com/jgibbarduk/zed-atmos-extension/lsp-bridge/internal/handler/handler.go:290.2,290.39 1 1
github.com/jgibbarduk/zed-atmos-extension/lsp-bridge/internal/handler/handler.go:290.39,292.3 1 1
github.com/jgibbarduk/zed-atmos-extension/lsp-bridge/internal/handler/handler.go:292.17,294.3 1 0
github.com/jgibbarduk/zed-atmos-extension/lsp-bridge/internal/handler/handler.go:295.2,296.63 2 1
github.com/jgibbarduk/zed-atmos-extension/lsp-bridge/internal/handler/handler.go:296.63,298.3 1 0
github.com/jgibbarduk/zed-atmos-extension/lsp-bridge/internal/handler/handler.go:299.2,299.28 1 1
github.com/jgibbarduk/zed-atmos-extension/lsp-bridge/internal/handler/handler.go:302.87,308.54 2 1
github.com/jgibbarduk/zed-atmos-extension/lsp-bridge/internal/handler/handler.go:308.54,310.3 1 0
github.com/jgibbarduk/zed-atmos-extension/lsp-bridge/internal/handler/handler.go:312.2,314.14 3 1
github.com/jgibbarduk/zed-atmos-extension/lsp-bridge/internal/handler/handler.go:314.14,316.3 1 0
github.com/jgibbarduk/zed-atmos-extension/lsp-bridge/internal/handler/handler.go:318.2,319.32 2 1
github.com/jgibbarduk/zed-atmos-extension/lsp-bridge/internal/handler/handler.go:319.32,320.103 1 1
github.com/jgibbarduk/zed-atmos-extension/lsp-bridge/internal/handler/handler.go:320.103,322.31 2 1
github.com/jgibbarduk/zed-atmos-extension/lsp-bridge/internal/handler/handler.go:322.31,330.5 1 1
github.com/jgibbarduk/zed-atmos-extension/lsp-bridge/internal/handler/handler.go:335.2,335.34 1 1
github.com/jgibbarduk/zed-atmos-extension/lsp-bridge/internal/handler/handler.go:335.34,336.147 1 1
github.com/jgibbarduk/zed-atmos-extension/lsp-bridge/internal/handler/handler.go:336.147,338.29 2 1
github.com/jgibbarduk/zed-atmos-extension/lsp-bridge/internal/handler/handler.go:338.29,346.5 1 1
github.com/jgibbarduk/zed-atmos-extension/lsp-bridge/internal/handler/handler.go:351.2,351.34 1 1
github.com/jgibbarduk/zed-atmos-extension/lsp-bridge/internal/handler/handler.go:351.34,352.144 1 1
github.com/jgibbarduk/zed-atmos-extension/lsp-bridge/internal/handler/handler.go:352.144,354.29 2 1
github.com/jgibbarduk/zed-atmos-extension/lsp-bridge/internal/handler/handler.go:354.29,362.5 1 1
github.com/jgibbarduk/zed-atmos-extension/lsp-bridge/internal/handler/handler.go:367.2,367.38 1 1
github.com/jgibbarduk/zed-atmos-extension/lsp-bridge/internal/handler/handler.go:367.38,368.101 1 1
github.com/jgibbarduk/zed-atmos-extension/lsp-bridge/internal/handler/handler.go:368.101,369.26 1 1
github.com/jgibbarduk/zed-atmos-extension/lsp-bridge/internal/handler/handler.go:369.26,370.13 1 0
github.com/jgibbarduk/zed-atmos-extension/lsp-bridge/internal/handler/handler.go:372.4,373.29 2 1
github.com/jgibbarduk/zed-atmos-extension/lsp-bridge/internal/handler/handler.go:373.29,381.5 1 1
github.com/jgibbarduk/zed-atmos-extension/lsp-bridge/internal/handler/handler.go:386.2,386.31 1 1
github.com/jgibbarduk/zed-atmos-extension/lsp-bridge/internal/handler/handler.go:386.31,387.105 1 1
github.com/jgibbarduk/zed-atmos-extension/lsp-bridge/internal/handler/handler.go:387.105,389.29 2 1
github.com/jgibbarduk/zed-atmos-extension/lsp-bridge/internal/handler/handler.go:389.29,397.5 1 1
github.com/jgibbarduk/zed-atmos-extension/lsp-bridge/internal/handler/handler.go:401.2,401.22 1 1
github.com/jgibbarduk/zed-atmos-extension/lsp-bridge/internal/handler/handler.go:401.22,403.3 1 0
github.com/jgibbarduk/zed-atmos-extension/lsp-bridge/internal/handler/handler.go:405.2,406.16 2 1
github.com/jgibbarduk/zed-atmos-extension/lsp-bridge/internal/handler/handler.go:406.16,408.3 1 0
github.com/jgibbarduk/zed-atmos-extension/lsp-bridge/internal/handler/handler.go:409.2,409.26 1 1
github.com/jgibbarduk/zed-atmos-extension/lsp-bridge/internal/handler/handler.go:412.87,418.54 2 1
github.com/jgibbarduk/zed-atmos-extension/lsp-bridge/internal/handler/handler.go:418.54,420.3 1 0
github.com/jgibbarduk/zed-atmos-extension/lsp-bridge/internal/handler/handler.go:422.2,424.14 3 1
github.com/jgibbarduk/zed-atmos-extension/lsp-bridge/internal/handler/handler.go:424.14,426.3 1 0
github.com/jgibbarduk/zed-atmos-extension/lsp-bridge/internal/handler/handler.go:428.2,429.32 2 1
github.com/jgibbarduk/zed-atmos-extension/lsp-bridge/internal/handler/handler.go:429.32,430.103 1 1
github.com/jgibbarduk/zed-atmos-extension/lsp-bridge/internal/handler/handler.go:430.103,432.27 2 1
github.com/jgibbarduk/zed-atmos-extension/lsp-bridge/internal/handler/handler.go:432.27,434.23 2 1
github.com/jgibbarduk/zed-atmos-extension/lsp-bridge/internal/handler/handler.go:434.23,435.45 1 1
github.com/jgibbarduk/zed-atmos-extension/lsp-bridge/internal/handler/handler.go:435.45,436.40 1 1
github.com/jgibbarduk/zed-atmos-extension/lsp-bridge/internal/handler/handler.go:436.40,444.8 1 1
github.com/jgibbarduk/zed-atmos-extension/lsp-bridge/internal/handler/handler.go:451.2,451.31 1 1
github.com/jgibbarduk/zed-atmos-extension/lsp-bridge/internal/handler/handler.go:451.31,452.105 1 1
github.com/jgibbarduk/zed-atmos-extension/lsp-bridge/internal/handler/handler.go:452.105,454.28 2 1
github.com/jgibbarduk/zed-atmos-extension/lsp-bridge/internal/handler/handler.go:454.28,455.32 1 1
github.com/jgibbarduk/zed-atmos-extension/lsp-bridge/internal/handler/handler.go:455.32,456.29 1 1
github.com/jgibbarduk/zed-atmos-extension/lsp-bridge/internal/handler/handler.go:456.29,464.7 1 1
github.com/jgibbarduk/zed-atmos-extension/lsp-bridge/internal/handler/handler.go:470.2,470.22 1 1
github.com/jgibbarduk/zed-atmos-extension/lsp-bridge/internal/handler/handler.go:470.22,472.3 1 0
github.com/jgibbarduk/zed-atmos-extension/lsp-bridge/internal/handler/handler.go:474.2,475.16 2 1
github.com/jgibbarduk/zed-atmos-extension/lsp-bridge/internal/handler/handler.go:475.16,477.3 1 0
github.com/jgibbarduk/zed-atmos-extension/lsp-bridge/internal/handler/handler.go:478.2,478.26 1 1
github.com/jgibbarduk/zed-atmos-extension/lsp-bridge/internal/handler/handler.go:481.42,486.2 1 1
github.com/jgibbarduk/zed-atmos-extension/lsp-bridge/internal/handler/handler.go:488.83,503.54 2 1
github.com/jgibbarduk/zed-atmos-extension/lsp-bridge/internal/handler/handler.go:503.54,505.3 1 0
github.com/jgibbarduk/zed-atmos-extension/lsp-bridge/internal/handler/handler.go:507.2,509.14 3 1
github.com/jgibbarduk/zed-atmos-extension/lsp-bridge/internal/handler/handler.go:509.14,511.3 1 0
github.com/jgibbarduk/zed-atmos-extension/lsp-bridge/internal/handler/handler.go:513.2,515.31 3 1
github.com/jgibbarduk/zed-atmos-extension/lsp-bridge/internal/handler/handler.go:515.31,516.63 1 1
github.com/jgibbarduk/zed-atmos-extension/lsp-bridge/internal/handler/handler.go:516.63,518.9 2 1
github.com/jgibbarduk/zed-atmos-extension/lsp-bridge/internal/handler/handler.go:521.2,521.22 1 1
github.com/jgibbarduk/zed-atmos-extension/lsp-bridge/internal/handler/handler.go:521.22,522.35 1 1
github.com/jgibbarduk/zed-atmos-extension/lsp-bridge/internal/handler/handler.go:522.35,523.106 1 1
github.com/jgibbarduk/zed-atmos-extension/lsp-bridge/internal/handler/handler.go:523.106,525.10 2 1
github.com/jgibbarduk/zed-atmos-extension/lsp-bridge/internal/handler/handler.go:527.4,527.103 1 0
github.com/jgibbarduk/zed-atmos-extension/lsp-bridge/internal/handler/handler.go:527.103,529.10 2 0
github.com/jgibbarduk/zed-atmos-extension/lsp-bridge/internal/handler/handler.go:533.2,533.22 1 1
github.com/jgibbarduk/zed-atmos-extension/lsp-bridge/internal/handler/handler.go:533.22,534.39 1 1
github.com/jgibbarduk/zed-atmos-extension/lsp-bridge/internal/handler/handler.go:534.39,535.82 1 1
github.com/jgibbarduk/zed-atmos-extension/lsp-bridge/internal/handler/handler.go:535.82,537.10 2 1
github.com/jgibbarduk/zed-atmos-extension/lsp-bridge/internal/handler/handler.go:541.2,541.22 1 1
github.com/jgibbarduk/zed-atmos-extension/lsp-bridge/internal/handler/handler.go:541.22,542.30 1 0
github.com/jgibbarduk/zed-atmos-extension/lsp-bridge/internal/handler/handler.go:542.30,543.85 1 0
github.com/jgibbarduk/zed-atmos-extension/lsp-bridge/internal/handler/handler.go:543.85,545.10 2 0
github.com/jgibbarduk/zed-atmos-extension/lsp-bridge/internal/handler/handler.go:549.2,549.22 1 1
github.com/jgibbarduk/zed-atmos-extension/lsp-bridge/internal/handler/handler.go:549.22,551.3 1 0
github.com/jgibbarduk/zed-atmos-extension/lsp-bridge/internal/handler/handler.go:553.2,555.38 2 1
github.com/jgibbarduk/zed-atmos-extension/lsp-bridge/internal/handler/handler.go:555.38,558.33 2 1
github.com/jgibbarduk/zed-atmos-extension/lsp-bridge/internal/handler/handler.go:558.33,559.31 1 1
github.com/jgibbarduk/zed-atmos-extension/lsp-bridge/internal/handler/handler.go:559.31,564.5 1 1
github.com/jgibbarduk/zed-atmos-extension/lsp-bridge/internal/handler/handler.go:567.3,567.36 1 1
github.com/jgibbarduk/zed-atmos-extension/lsp-bridge/internal/handler/handler.go:567.36,568.36 1 1
github.com/jgibbarduk/zed-atmos-extension/lsp-bridge/internal/handler/handler.go:568.36,573.5 1 1
github.com/jgibbarduk/zed-atmos-extension/lsp-bridge/internal/handler/handler.go:574.4,574.35 1 1
github.com/jgibbarduk/zed-atmos-extension/lsp-bridge/internal/handler/handler.go:574.35,579.5 1 0
github.com/jgibbarduk/zed-atmos-extension/lsp-bridge/internal/handler/handler.go:582.3,582.40 1 1
github.com/jgibbarduk/zed-atmos-extension/lsp-bridge/internal/handler/handler.go:582.40,583.34 1 1
github.com/jgibbarduk/zed-atmos-extension/lsp-bridge/internal/handler/handler.go:583.34,585.24 2 1
github.com/jgibbarduk/zed-atmos-extension/lsp-bridge/internal/handler/handler.go:585.24,587.6 1 1
github.com/jgibbarduk/zed-atmos-extension/lsp-bridge/internal/handler/handler.go:588.5,591.7 1 1
github.com/jgibbarduk/zed-atmos-extension/lsp-bridge/internal/handler/handler.go:595.3,595.31 1 1
github.com/jgibbarduk/zed-atmos-extension/lsp-bridge/internal/handler/handler.go:595.31,596.35 1 0
github.com/jgibbarduk/zed-atmos-extension/lsp-bridge/internal/handler/handler.go:596.35,601.5 1 0
github.com/jgibbarduk/zed-atmos-extension/lsp-bridge/internal/handler/handler.go:604.3,604.21 1 1
github.com/jgibbarduk/zed-atmos-extension/lsp-bridge/internal/handler/handler.go:604.21,606.4 1 1
github.com/jgibbarduk/zed-atmos-extension/lsp-bridge/internal/handler/handler.go:609.2,611.16 3 1
github.com/jgibbarduk/zed-atmos-extension/lsp-bridge/internal/handler/handler.go:611.16,613.3 1 0
github.com/jgibbarduk/zed-atmos-extension/lsp-bridge/internal/handler/handler.go:614.2,614.26 1 1
github.com/jgibbarduk/zed-atmos-extension/lsp-bridge/internal/handler/handler.go:617.87,637.54 2 1
github.com/jgibbarduk/zed-atmos-extension/lsp-bridge/internal/handler/handler.go:637.54,639.3 1 0
github.com/jgibbarduk/zed-atmos-extension/lsp-bridge/internal/handler/handler.go:641.2,643.14 3 1
github.com/jgibbarduk/zed-atmos-extension/lsp-bridge/internal/handler/handler.go:643.14,645.3 1 0
github.com/jgibbarduk/zed-atmos-extension/lsp-bridge/internal/handler/handler.go:647.2,650.31 2 1
github.com/jgibbarduk/zed-atmos-extension/lsp-bridge/internal/handler/handler.go:650.31,651.22 1 1
github.com/jgibbarduk/zed-atmos-extension/lsp-bridge/internal/handler/handler.go:651.22,652.12 1 0
github.com/jgibbarduk/zed-atmos-extension/lsp-bridge/internal/handler/handler.go:654.3,654.44 1 1
github.com/jgibbarduk/zed-atmos-extension/lsp-bridge/internal/handler/handler.go:654.44,655.12 1 0
github.com/jgibbarduk/zed-atmos-extension/lsp-bridge/internal/handler/handler.go:657.3,657.111 1 1
github.com/jgibbarduk/zed-atmos-extension/lsp-bridge/internal/handler/handler.go:657.111,659.58 2 1
github.com/jgibbarduk/zed-atmos-extension/lsp-bridge/internal/handler/handler.go:659.58,678.5 2 1
github.com/jgibbarduk/zed-atmos-extension/lsp-bridge/internal/handler/handler.go:679.4,679.9 1 1
github.com/jgibbarduk/zed-atmos-extension/lsp-bridge/internal/handler/handler.go:683.2,684.16 2 1
github.com/jgibbarduk/zed-atmos-extension/lsp-bridge/internal/handler/handler.go:684.16,686.3 1 0
github.com/jgibbarduk/zed-atmos-extension/lsp-bridge/internal/handler/handler.go:687.2,687.26 1 1
github.com/jgibbarduk/zed-atmos-extension/lsp-bridge/internal/handler/handler.go:690.87,696.54 2 1
github.com/jgibbarduk/zed-atmos-extension/lsp-bridge/internal/handler/handler.go:696.54,698.3 1 0
github.com/jgibbarduk/zed-atmos-extension/lsp-bridge/internal/handler/handler.go:700.2,702.20 3 1
github.com/jgibbarduk/zed-atmos-extension/lsp-bridge/internal/handler/handler.go:702.20,704.3 1 0
github.com/jgibbarduk/zed-atmos-extension/lsp-bridge/internal/handler/handler.go:707.2,709.51 3 1
github.com/jgibbarduk/zed-atmos-extension/lsp-bridge/internal/handler/handler.go:709.51,711.49 2 1
github.com/jgibbarduk/zed-atmos-extension/lsp-bridge/internal/handler/handler.go:711.49,713.4 1 1
github.com/jgibbarduk/zed-atmos-extension/lsp-bridge/internal/handler/handler.go:715.2,716.20 2 1
github.com/jgibbarduk/zed-atmos-extension/lsp-bridge/internal/handler/handler.go:716.20,717.57 1 0
github.com/jgibbarduk/zed-atmos-extension/lsp-bridge/internal/handler/handler.go:717.57,719.50 2 0
github.com/jgibbarduk/zed-atmos-extension/lsp-bridge/internal/handler/handler.go:719.50,721.5 1 0
github.com/jgibbarduk/zed-atmos-extension/lsp-bridge/internal/handler/handler.go:724.2,724.20 1 1
github.com/jgibbarduk/zed-atmos-extension/lsp-bridge/internal/handler/handler.go:724.20,726.3 1 0
github.com/jgibbarduk/zed-atmos-extension/lsp-bridge/internal/handler/handler.go:729.2,729.111 1 1
github.com/jgibbarduk/zed-atmos-extension/lsp-bridge/internal/handler/handler.go:729.111,735.21 3 1
github.com/jgibbarduk/zed-atmos-extension/lsp-bridge/internal/handler/handler.go:735.21,741.18 3 1
github.com/jgibbarduk/zed-atmos-extension/lsp-bridge/internal/handler/handler.go:741.18,743.5 1 0
github.com/jgibbarduk/zed-atmos-extension/lsp-bridge/internal/handler/handler.go:744.4,744.28 1 1
github.com/jgibbarduk/zed-atmos-extension/lsp-bridge/internal/handler/handler.go:749.2,749.39 1 1
github.com/jgibbarduk/zed-atmos-extension/lsp-bridge/internal/handler/handler.go:749.39,757.21 5 0
github.com/jgibbarduk/zed-atmos-extension/lsp-bridge/internal/handler/handler.go:757.21,763.18 3 0
github.com/jgibbarduk/zed-atmos-extension/lsp-bridge/internal/handler/handler.go:763.18,765.5 1 0
github.com/jgibbarduk/zed-atmos-extension/lsp-bridge/internal/handler/handler.go:766.4,766.28 1 0
github.com/jgibbarduk/zed-atmos-extension/lsp-bridge/internal/handler/handler.go:772.2,773.19 2 1
github.com/jgibbarduk/zed-atmos-extension/lsp-bridge/internal/handler/handler.go:773.19,775.3 1 0
github.com/jgibbarduk/zed-atmos-extension/lsp-bridge/internal/handler/handler.go:778.2,786.21 4 1
github.com/jgibbarduk/zed-atmos-extension/lsp-bridge/internal/handler/handler.go:786.21,788.3 1 0
github.com/jgibbarduk/zed-atmos-extension/lsp-bridge/internal/handler/handler.go:790.2,795.16 3 1
github.com/jgibbarduk/zed-atmos-extension/lsp-bridge/internal/handler/handler.go:795.16,797.3 1 0
github.com/jgibbarduk/zed-atmos-extension/lsp-bridge/internal/handler/handler.go:798.2,798.26 1 1
github.com/jgibbarduk/zed-atmos-extension/lsp-bridge/internal/handler/handler.go:803.57,804.24 1 1
github.com/jgibbarduk/zed-atmos-extension/lsp-bridge/internal/handler/handler.go:804.24,806.3 1 1
github.com/jgibbarduk/zed-atmos-extension/lsp-bridge/internal/handler/handler.go:809.2,810.16 2 1
github.com/jgibbarduk/zed-atmos-extension/lsp-bridge/internal/handler/handler.go:810.16,812.65 2 1
github.com/jgibbarduk/zed-atmos-extension/lsp-bridge/internal/handler/handler.go:812.65,813.9 1 1
github.com/jgibbarduk/zed-atmos-extension/lsp-bridge/internal/handler/handler.go:815.3,815.10 1 1
[...]
github.com/jgibbarduk/zed-atmos-extension/lsp-bridge/internal/handler/handler.go:1311.104,1313.18 2 1
github.com/jgibbarduk/zed-atmos-extension/lsp-bridge/internal/handler/handler.go:1313.18,1316.23 3 1
github.com/jgibbarduk/zed-atmos-extension/lsp-bridge/internal/handler/handler.go:1316.23,1318.7 1 1
github.com/jgibbarduk/zed-atmos-extension/lsp-bridge/internal/handler/handler.go:1319.6,1319.29 1 1
github.com/jgibbarduk/zed-atmos-extension/lsp-bridge/internal/handler/handler.go:1319.29,1321.7 1 0
github.com/jgibbarduk/zed-atmos-extension/lsp-bridge/internal/handler/handler.go:1322.6,1323.25 2 1
github.com/jgibbarduk/zed-atmos-extension/lsp-bridge/internal/handler/handler.go:1323.25,1326.7 2 1
github.com/jgibbarduk/zed-atmos-extension/lsp-bridge/internal/handler/handler.go:1327.6,1331.11 2 1
github.com/jgibbarduk/zed-atmos-extension/lsp-bridge/internal/handler/handler.go:1338.2,1338.81 1 1
github.com/jgibbarduk/zed-atmos-extension/lsp-bridge/internal/handler/handler.go:1338.81,1339.20 1 0
github.com/jgibbarduk/zed-atmos-extension/lsp-bridge/internal/handler/handler.go:1339.20,1343.24 4 0
github.com/jgibbarduk/zed-atmos-extension/lsp-bridge/internal/handler/handler.go:1343.24,1345.5 1 0
github.com/jgibbarduk/zed-atmos-extension/lsp-bridge/internal/handler/handler.go:1346.4,1348.27 3 0
github.com/jgibbarduk/zed-atmos-extension/lsp-bridge/internal/handler/handler.go:1348.27,1350.5 1 0
github.com/jgibbarduk/zed-atmos-extension/lsp-bridge/internal/handler/handler.go:1351.4,1356.5 3 0
github.com/jgibbarduk/zed-atmos-extension/lsp-bridge/internal/handler/handler.go:1360.2,1360.25 1 1
github.com/jgibbarduk/zed-atmos-extension/lsp-bridge/internal/handler/handler.go:1360.25,1362.3 1 0
github.com/jgibbarduk/zed-atmos-extension/lsp-bridge/internal/handler/handler.go:1364.2,1369.16 3 1
github.com/jgibbarduk/zed-atmos-extension/lsp-bridge/internal/handler/handler.go:1369.16,1371.3 1 0
github.com/jgibbarduk/zed-atmos-extension/lsp-bridge/internal/handler/handler.go:1372.2,1372.26 1 1
github.com/jgibbarduk/zed-atmos-extension/lsp-bridge/internal/handler/handler.go:1375.73,1376.21 1 1
github.com/jgibbarduk/zed-atmos-extension/lsp-bridge/internal/handler/handler.go:1376.21,1378.3 1 0
github.com/jgibbarduk/zed-atmos-extension/lsp-bridge/internal/handler/handler.go:1381.2,1381.18 1 1
github.com/jgibbarduk/zed-atmos-extension/lsp-bridge/internal/handler/handler.go:1381.18,1383.3 1 0
github.com/jgibbarduk/zed-atmos-extension/lsp-bridge/internal/handler/handler.go:1384.2,1393.16 3 1
github.com/jgibbarduk/zed-atmos-extension/lsp-bridge/internal/handler/handler.go:1393.16,1396.3 2 0
github.com/jgibbarduk/zed-atmos-extension/lsp-bridge/internal/handler/handler.go:1397.2,1399.21 3 1
github.com/jgibbarduk/zed-atmos-extension/lsp-bridge/internal/handler/handler.go:1399.21,1401.3 1 0
github.com/jgibbarduk/zed-atmos-extension/lsp-bridge/internal/handler/handler.go:1402.2,1402.9 1 1
github.com/jgibbarduk/zed-atmos-extension/lsp-bridge/internal/handler/handler.go:1403.39,1403.39 0 1
github.com/jgibbarduk/zed-atmos-extension/lsp-bridge/internal/handler/handler.go:1404.10,1405.65 1 0
github.com/jgibbarduk/zed-atmos-extension/lsp-bridge/internal/handler/handler.go:1409.52,1412.27 3 1
github.com/jgibbarduk/zed-atmos-extension/lsp-bridge/internal/handler/handler.go:1412.27,1413.16 1 1
github.com/jgibbarduk/zed-atmos-extension/lsp-bridge/internal/handler/handler.go:1413.16,1414.12 1 0
github.com/jgibbarduk/zed-atmos-extension/lsp-bridge/internal/handler/handler.go:1416.3,1418.21 3 1
github.com/jgibbarduk/zed-atmos-extension/lsp-bridge/internal/handler/handler.go:1418.21,1420.4 1 1
github.com/jgibbarduk/zed-atmos-extension/lsp-bridge/internal/handler/handler.go:1421.3,1421.35 1 1
github.com/jgibbarduk/zed-atmos-extension/lsp-bridge/internal/handler/handler.go:1425.88,1426.27 1 1
github.com/jgibbarduk/zed-atmos-extension/lsp-bridge/internal/handler/handler.go:1426.27,1429.3 2 0
github.com/jgibbarduk/zed-atmos-extension/lsp-bridge/internal/handler/handler.go:1431.2,1436.54 2 1
github.com/jgibbarduk/zed-atmos-extension/lsp-bridge/internal/handler/handler.go:1436.54,1439.3 2 0
github.com/jgibbarduk/zed-atmos-extension/lsp-bridge/internal/handler/handler.go:1441.2,1447.42 4 1
github.com/jgibbarduk/zed-atmos-extension/lsp-bridge/internal/handler/handler.go:1447.42,1455.101 2 1
github.com/jgibbarduk/zed-atmos-extension/lsp-bridge/internal/handler/handler.go:1455.101,1462.4 6 1
github.com/jgibbarduk/zed-atmos-extension/lsp-bridge/internal/handler/handler.go:1463.8,1463.51 1 1
github.com/jgibbarduk/zed-atmos-extension/lsp-bridge/internal/handler/handler.go:1463.51,1471.61 2 1
github.com/jgibbarduk/zed-atmos-extension/lsp-bridge/internal/handler/handler.go:1471.61,1473.4 1 0
github.com/jgibbarduk/zed-atmos-extension/lsp-bridge/internal/handler/handler.go:1473.9,1473.55 1 1
github.com/jgibbarduk/zed-atmos-extension/lsp-bridge/internal/handler/handler.go:1473.55,1475.4 1 0
github.com/jgibbarduk/zed-atmos-extension/lsp-bridge/internal/handler/handler.go:1475.9,1482.17 7 1
github.com/jgibbarduk/zed-atmos-extension/lsp-bridge/internal/handler/handler.go:1482.17,1484.5 1 1
github.com/jgibbarduk/zed-atmos-extension/lsp-bridge/internal/handler/handler.go:1484.10,1486.5 1 0
github.com/jgibbarduk/zed-atmos-extension/lsp-bridge/internal/handler/handler.go:1487.4,1487.30 1 1
github.com/jgibbarduk/zed-atmos-extension/lsp-bridge/internal/handler/handler.go:1489.8,1489.49 1 1
github.com/jgibbarduk/zed-atmos-extension/lsp-bridge/internal/handler/handler.go:1489.49,1494.3 4 1
github.com/jgibbarduk/zed-atmos-extension/lsp-bridge/internal/handler/handler.go:1494.8,1494.50 1 1
github.com/jgibbarduk/zed-atmos-extension/lsp-bridge/internal/handler/handler.go:1494.50,1500.64 4 1
github.com/jgibbarduk/zed-atmos-extension/lsp-bridge/internal/handler/handler.go:1500.64,1502.4 1 0
github.com/jgibbarduk/zed-atmos-extension/lsp-bridge/internal/handler/handler.go:1504.3,1505.29 2 1
github.com/jgibbarduk/zed-atmos-extension/lsp-bridge/internal/handler/handler.go:1509.2,1509.63 1 1
github.com/jgibbarduk/zed-atmos-extension/lsp-bridge/internal/handler/handler.go:1509.63,1511.3 1 0
github.com/jgibbarduk/zed-atmos-extension/lsp-bridge/internal/handler/handler.go:1514.2,1517.24 4 1
github.com/jgibbarduk/zed-atmos-extension/lsp-bridge/internal/handler/handler.go:1517.24,1519.3 1 0
github.com/jgibbarduk/zed-atmos-extension/lsp-bridge/internal/handler/handler.go:1520.2,1520.52 1 1
github.com/jgibbarduk/zed-atmos-extension/lsp-bridge/internal/handler/handler.go:1520.52,1530.15 9 1
github.com/jgibbarduk/zed-atmos-extension/lsp-bridge/internal/handler/handler.go:1530.15,1534.4 3 0
github.com/jgibbarduk/zed-atmos-extension/lsp-bridge/internal/handler/handler.go:1536.3,1538.27 3 1
github.com/jgibbarduk/zed-atmos-extension/lsp-bridge/internal/handler/handler.go:1538.27,1540.4 1 1
github.com/jgibbarduk/zed-atmos-extension/lsp-bridge/internal/handler/handler.go:1541.3,1541.35 1 1
github.com/jgibbarduk/zed-atmos-extension/lsp-bridge/internal/handler/handler.go:1543.2,1545.28 2 1
github.com/jgibbarduk/zed-atmos-extension/lsp-bridge/internal/handler/handler.go:1548.48,1550.20 2 1
github.com/jgibbarduk/zed-atmos-extension/lsp-bridge/internal/handler/handler.go:1550.20,1553.3 2 1
github.com/jgibbarduk/zed-atmos-extension/lsp-bridge/internal/handler/handler.go:1554.2,1554.42 1 1
github.com/jgibbarduk/zed-atmos-extension/lsp-bridge/internal/handler/handler.go:1557.37,1558.13 1 1
github.com/jgibbarduk/zed-atmos-extension/lsp-bridge/internal/handler/handler.go:1559.14,1560.69 1 1
github.com/jgibbarduk/zed-atmos-extension/lsp-bridge/internal/handler/handler.go:1561.15,1562.84 1 1
github.com/jgibbarduk/zed-atmos-extension/lsp-bridge/internal/handler/handler.go:1563.18,1564.85 1 1
github.com/jgibbarduk/zed-atmos-extension/lsp-bridge/internal/handler/handler.go:1565.27,1566.119 1 1
github.com/jgibbarduk/zed-atmos-extension/lsp-bridge/internal/handler/handler.go:1567.26,1568.105 1 1
github.com/jgibbarduk/zed-atmos-extension/lsp-bridge/internal/handler/handler.go:1569.16,1570.82 1 1
github.com/jgibbarduk/zed-atmos-extension/lsp-bridge/internal/handler/handler.go:1571.10,1572.12 1 1
github.com/jgibbarduk/zed-atmos-extension/lsp-bridge/internal/handler/handler.go:1576.72,1578.16 2 1
github.com/jgibbarduk/zed-atmos-extension/lsp-bridge/internal/handler/handler.go:1578.16,1580.3 1 1
github.com/jgibbarduk/zed-atmos-extension/lsp-bridge/internal/handler/handler.go:1582.2,1583.54 2 1
github.com/jgibbarduk/zed-atmos-extension/lsp-bridge/internal/handler/handler.go:1583.54,1585.3 1 1
github.com/jgibbarduk/zed-atmos-extension/lsp-bridge/internal/handler/handler.go:1586.2,1586.27 1 1
github.com/jgibbarduk/zed-atmos-extension/lsp-bridge/internal/handler/handler.go:1586.27,1588.3 1 0
github.com/jgibbarduk/zed-atmos-extension/lsp-bridge/internal/handler/handler.go:1589.2,1590.35 2 1
github.com/jgibbarduk/zed-atmos-extension/lsp-bridge/internal/handler/handler.go:1590.35,1592.3 1 0
github.com/jgibbarduk/zed-atmos-extension/lsp-bridge/internal/handler/handler.go:1594.2,1594.46 1 1
github.com/jgibbarduk/zed-atmos-extension/lsp-bridge/internal/handler/handler.go:1594.46,1597.68 3 1
github.com/jgibbarduk/zed-atmos-extension/lsp-bridge/internal/handler/handler.go:1597.68,1598.47 1 1
github.com/jgibbarduk/zed-atmos-extension/lsp-bridge/internal/handler/handler.go:1598.47,1601.47 3 1
github.com/jgibbarduk/zed-atmos-extension/lsp-bridge/internal/handler/handler.go:1601.47,1603.6 1 1
github.com/jgibbarduk/zed-atmos-extension/lsp-bridge/internal/handler/handler.go:1604.5,1604.51 1 1
github.com/jgibbarduk/zed-atmos-extension/lsp-bridge/internal/handler/handler.go:1604.51,1606.6 1 1
github.com/jgibbarduk/zed-atmos-extension/lsp-bridge/internal/handler/handler.go:1610.2,1610.31 1 1
github.com/jgibbarduk/zed-atmos-extension/lsp-bridge/internal/handler/handler.go:1613.33,1614.45 1 1
github.com/jgibbarduk/zed-atmos-extension/lsp-bridge/internal/handler/handler.go:1614.45,1616.3 1 1
github.com/jgibbarduk/zed-atmos-extension/lsp-bridge/internal/handler/handler.go:1617.2,1617.10 1 1
github.com/jgibbarduk/zed-atmos-extension/lsp-bridge/internal/handler/handler.go:1622.43,1624.29 2 1
github.com/jgibbarduk/zed-atmos-extension/lsp-bridge/internal/handler/handler.go:1624.29,1626.3 1 1
github.com/jgibbarduk/zed-atmos-extension/lsp-bridge/internal/handler/handler.go:1627.2,1627.14 1 1
github.com/jgibbarduk/zed-atmos-extension/lsp-bridge/internal/handler/handler.go:1630.55,1632.30 2 1
github.com/jgibbarduk/zed-atmos-extension/lsp-bridge/internal/handler/handler.go:1632.30,1634.3 1 1
github.com/jgibbarduk/zed-atmos-extension/lsp-bridge/internal/handler/handler.go:1635.2,1635.12 1 1
github.com/jgibbarduk/zed-atmos-extension/lsp-bridge/internal/handler/handler.go:1644.95,1645.79 1 1
github.com/jgibbarduk/zed-atmos-extension/lsp-bridge/internal/handler/handler.go:1645.79,1647.20 2 1
github.com/jgibbarduk/zed-atmos-extension/lsp-bridge/internal/handler/handler.go:1647.20,1648.34 1 1
github.com/jgibbarduk/zed-atmos-extension/lsp-bridge/internal/handler/handler.go:1648.34,1650.5 1 1
github.com/jgibbarduk/zed-atmos-extension/lsp-bridge/internal/handler/handler.go:1652.3,1652.12 1 0
github.com/jgibbarduk/zed-atmos-extension/lsp-bridge/internal/handler/handler.go:1655.2,1655.80 1 1
github.com/jgibbarduk/zed-atmos-extension/lsp-bridge/internal/handler/handler.go:1655.80,1657.20 2 1
github.com/jgibbarduk/zed-atmos-extension/lsp-bridge/internal/handler/handler.go:1657.20,1658.59 1 1
github.com/jgibbarduk/zed-atmos-extension/lsp-bridge/internal/handler/handler.go:1658.59,1660.5 1 1
github.com/jgibbarduk/zed-atmos-extension/lsp-bridge/internal/handler/handler.go:1661.4,1661.34 1 1
github.com/jgibbarduk/zed-atmos-extension/lsp-bridge/internal/handler/handler.go:1661.34,1663.5 1 1
github.com/jgibbarduk/zed-atmos-extension/lsp-bridge/internal/handler/handler.go:1665.3,1665.12 1 1
github.com/jgibbarduk/zed-atmos-extension/lsp-bridge/internal/handler/handler.go:1668.2,1669.34 2 1
github.com/jgibbarduk/zed-atmos-extension/lsp-bridge/internal/handler/handler.go:1679.172,1681.28 1 1
github.com/jgibbarduk/zed-atmos-extension/lsp-bridge/internal/handler/handler.go:1681.28,1682.88 1 1
github.com/jgibbarduk/zed-atmos-extension/lsp-bridge/internal/handler/handler.go:1682.88,1684.9 2 1
github.com/jgibbarduk/zed-atmos-extension/lsp-bridge/internal/handler/handler.go:1691.2,1691.16 1 1
github.com/jgibbarduk/zed-atmos-extension/lsp-bridge/internal/handler/handler.go:1691.16,1695.10 4 1
github.com/jgibbarduk/zed-atmos-extension/lsp-bridge/internal/handler/handler.go:1695.10,1698.18 3 1
github.com/jgibbarduk/zed-atmos-extension/lsp-bridge/internal/handler/handler.go:1698.18,1700.5 1 0
github.com/jgibbarduk/zed-atmos-extension/lsp-bridge/internal/handler/handler.go:1702.3,1703.30 2 1
github.com/jgibbarduk/zed-atmos-extension/lsp-bridge/internal/handler/handler.go:1703.30,1705.4 1 0
github.com/jgibbarduk/zed-atmos-extension/lsp-bridge/internal/handler/handler.go:1706.3,1708.26 3 1
github.com/jgibbarduk/zed-atmos-extension/lsp-bridge/internal/handler/handler.go:1708.26,1710.4 1 1
github.com/jgibbarduk/zed-atmos-extension/lsp-bridge/internal/handler/handler.go:1713.3,1716.31 4 1
github.com/jgibbarduk/zed-atmos-extension/lsp-bridge/internal/handler/handler.go:1716.31,1717.45 1 1
github.com/jgibbarduk/zed-atmos-extension/lsp-bridge/internal/handler/handler.go:1717.45,1721.10 4 1
github.com/jgibbarduk/zed-atmos-extension/lsp-bridge/internal/handler/handler.go:1724.3,1724.13 1 1
github.com/jgibbarduk/zed-atmos-extension/lsp-bridge/internal/handler/handler.go:1724.13,1725.76 1 1
github.com/jgibbarduk/zed-atmos-extension/lsp-bridge/internal/handler/handler.go:1725.77,1727.5 0 1
github.com/jgibbarduk/zed-atmos-extension/lsp-bridge/internal/handler/handler.go:1727.10,1729.5 1 0
github.com/jgibbarduk/zed-atmos-extension/lsp-bridge/internal/handler/handler.go:1731.3,1731.68 1 1
github.com/jgibbarduk/zed-atmos-extension/lsp-bridge/internal/handler/handler.go:1734.2,1738.84 3 1
github.com/jgibbarduk/zed-atmos-extension/lsp-bridge/internal/handler/handler.go:1738.84,1740.20 2 1
github.com/jgibbarduk/zed-atmos-extension/lsp-bridge/internal/handler/handler.go:1740.20,1741.34 1 1
github.com/jgibbarduk/zed-atmos-extension/lsp-bridge/internal/handler/handler.go:1741.34,1743.5 1 1
github.com/jgibbarduk/zed-atmos-extension/lsp-bridge/internal/handler/handler.go:1745.3,1745.11 1 0
github.com/jgibbarduk/zed-atmos-extension/lsp-bridge/internal/handler/handler.go:1750.2,1750.84 1 1
github.com/jgibbarduk/zed-atmos-extension/lsp-bridge/internal/handler/handler.go:1750.84,1752.20 2 1
github.com/jgibbarduk/zed-atmos-extension/lsp-bridge/internal/handler/handler.go:1752.20,1754.56 2 1
github.com/jgibbarduk/zed-atmos-extension/lsp-bridge/internal/handler/handler.go:1754.56,1756.5 1 1
github.com/jgibbarduk/zed-atmos-extension/lsp-bridge/internal/handler/handler.go:1757.4,1757.30 1 1
github.com/jgibbarduk/zed-atmos-extension/lsp-bridge/internal/handler/handler.go:1757.30,1759.5 1 1
github.com/jgibbarduk/zed-atmos-extension/lsp-bridge/internal/handler/handler.go:1761.3,1761.11 1 0
github.com/jgibbarduk/zed-atmos-extension/lsp-bridge/internal/handler/handler.go:1764.2,1764.40 1 1
github.com/jgibbarduk/zed-atmos-extension/lsp-bridge/internal/handler/handler.go:1764.40,1767.29 2 1
github.com/jgibbarduk/zed-atmos-extension/lsp-bridge/internal/handler/handler.go:1767.29,1768.89 1 1
github.com/jgibbarduk/zed-atmos-extension/lsp-bridge/internal/handler/handler.go:1768.89,1770.10 2 1
github.com/jgibbarduk/zed-atmos-extension/lsp-bridge/internal/handler/handler.go:1774.3,1774.21 1 1
github.com/jgibbarduk/zed-atmos-extension/lsp-bridge/internal/handler/handler.go:1774.21,1776.4 1 1
github.com/jgibbarduk/zed-atmos-extension/lsp-bridge/internal/handler/handler.go:1777.3,1777.21 1 1
github.com/jgibbarduk/zed-atmos-extension/lsp-bridge/internal/handler/handler.go:1777.21,1779.4 1 1
github.com/jgibbarduk/zed-atmos-extension/lsp-bridge/internal/handler/handler.go:1782.2,1782.36 1 1
github.com/jgibbarduk/zed-atmos-extension/lsp-bridge/internal/handler/handler.go:1782.36,1784.22 2 1
github.com/jgibbarduk/zed-atmos-extension/lsp-bridge/internal/handler/handler.go:1784.22,1786.4 1 1
github.com/jgibbarduk/zed-atmos-extension/lsp-bridge/internal/handler/handler.go:1789.2,1789.23 1 1
github.com/jgibbarduk/zed-atmos-extension/lsp-bridge/internal/handler/handler.go:1792.90,1793.29 1 1
github.com/jgibbarduk/zed-atmos-extension/lsp-bridge/internal/handler/handler.go:1793.29,1795.3 1 1
github.com/jgibbarduk/zed-atmos-extension/lsp-bridge/internal/handler/handler.go:1796.2,1797.67 2 1
github.com/jgibbarduk/zed-atmos-extension/lsp-bridge/internal/handler/handler.go:1797.67,1799.3 1 1
github.com/jgibbarduk/zed-atmos-extension/lsp-bridge/internal/handler/handler.go:1800.2,1800.24 1 1
github.com/jgibbarduk/zed-atmos-extension/lsp-bridge/internal/handler/handler.go:1800.24,1805.3 3 1
github.com/jgibbarduk/zed-atmos-extension/lsp-bridge/internal/handler/handler.go:1806.2,1806.21 1 1
github.com/jgibbarduk/zed-atmos-extension/lsp-bridge/internal/handler/handler.go:1809.68,1810.24 1 1
github.com/jgibbarduk/zed-atmos-extension/lsp-bridge/internal/handler/handler.go:1810.24,1812.3 1 1
github.com/jgibbarduk/zed-atmos-extension/lsp-bridge/internal/handler/handler.go:1814.2,1816.32 3 1
github.com/jgibbarduk/zed-atmos-extension/lsp-bridge/internal/handler/handler.go:1816.32,1817.71 1 1
github.com/jgibbarduk/zed-atmos-extension/lsp-bridge/internal/handler/handler.go:1817.71,1820.4 2 1
github.com/jgibbarduk/zed-atmos-extension/lsp-bridge/internal/handler/handler.go:1822.2,1822.13 1 1
github.com/jgibbarduk/zed-atmos-extension/lsp-bridge/internal/handler/handler.go:1827.75,1829.15 2 1
github.com/jgibbarduk/zed-atmos-extension/lsp-bridge/internal/handler/handler.go:1829.15,1831.3 1 1
github.com/jgibbarduk/zed-atmos-extension/lsp-bridge/internal/handler/handler.go:1832.2,1834.13 3 1
github.com/jgibbarduk/zed-atmos-extension/lsp-bridge/internal/handler/handler.go:1837.126,1838.58 1 1
github.com/jgibbarduk/zed-atmos-extension/lsp-bridge/internal/handler/handler.go:1838.58,1840.3 1 1
github.com/jgibbarduk/zed-atmos-extension/lsp-bridge/internal/handler/handler.go:1841.2,1843.16 2 1
github.com/jgibbarduk/zed-atmos-extension/lsp-bridge/internal/handler/handler.go:1843.16,1845.34 2 1
github.com/jgibbarduk/zed-atmos-extension/lsp-bridge/internal/handler/handler.go:1845.34,1847.31 2 1
github.com/jgibbarduk/zed-atmos-extension/lsp-bridge/internal/handler/handler.go:1847.31,1849.22 2 1
github.com/jgibbarduk/zed-atmos-extension/lsp-bridge/internal/handler/handler.go:1849.22,1851.6 1 1
github.com/jgibbarduk/zed-atmos-extension/lsp-bridge/internal/handler/handler.go:1856.2,1856.28 1 1
github.com/jgibbarduk/zed-atmos-extension/lsp-bridge/internal/handler/handler.go:1856.28,1858.3 1 1
github.com/jgibbarduk/zed-atmos-extension/lsp-bridge/internal/handler/handler.go:1861.69,1863.2 1 1
github.com/jgibbarduk/zed-atmos-extension/lsp-bridge/internal/handler/handler.go:1865.76,1867.16 2 1
github.com/jgibbarduk/zed-atmos-extension/lsp-bridge/internal/handler/handler.go:1867.16,1869.3 1 0
github.com/jgibbarduk/zed-atmos-extension/lsp-bridge/internal/handler/handler.go:1870.2,1875.27 2 1
github.com/jgibbarduk/zed-atmos-extension/lsp-bridge/internal/handler/handler.go:1878.61,1885.16 3 1
github.com/jgibbarduk/zed-atmos-extension/lsp-bridge/internal/handler/handler.go:1885.16,1887.3 1 0
github.com/jgibbarduk/zed-atmos-extension/lsp-bridge/internal/handler/handler.go:1888.2,1888.10 1 1
github.com/jgibbarduk/zed-atmos-extension/lsp-bridge/internal/handler/handler.go:1891.40,1895.54 2 1
github.com/jgibbarduk/zed-atmos-extension/lsp-bridge/internal/handler/handler.go:1895.54,1902.3 2 0
github.com/jgibbarduk/zed-atmos-extension/lsp-bridge/internal/handler/handler.go:1903.2,1909.16 3 1
github.com/jgibbarduk/zed-atmos-extension/lsp-bridge/internal/handler/handler.go:1909.16,1911.3 1 0
github.com/jgibbarduk/zed-atmos-extension/lsp-bridge/internal/handler/handler.go:1912.2,1912.10 1 1
